[2026-06-21T03:08:30] INFO ============================================================
[2026-06-21T03:08:30] INFO Amazon Best Sellers Scraper — starting
[2026-06-21T03:08:30] INFO Platform: all
[2026-06-21T03:08:30] INFO Category: microphones
[2026-06-21T03:08:30] INFO Dry run: True
[2026-06-21T03:08:30] INFO Enrich: True
[2026-06-21T03:08:30] INFO ============================================================
[2026-06-21T03:08:30] INFO ============================================================
[2026-06-21T03:08:30] INFO Scraping amazon_br / microphones: https://www.amazon.com.br/gp/bestsellers/electronics/17095831011
[2026-06-21T03:08:30] INFO ============================================================
[2026-06-21T03:08:32] WARNING 503 on https://www.amazon.com.br/gp/bestsellers/electronics/17095831011 (attempt 1/3), retrying...
[2026-06-21T03:08:40] INFO Found 30 candidate items in BR best sellers HTML
[2026-06-21T03:08:40] INFO Parsed 30 products from microphones best sellers
[2026-06-21T03:08:40] INFO   [1/30] Enriching B0GYPY71HR...
[2026-06-21T03:08:43] INFO [DRY RUN] Would upsert: B0GYPY71HR - Microfone de Lapela Sem Fio Bluetooth, Kit com 2 Microfones,...
[2026-06-21T03:08:43] INFO   Price: None BRL, BSR: 1, Image hash: 04567eb94e4c...
[2026-06-21T03:08:43] INFO   [2/30] Enriching B0F68W8CPQ...
[2026-06-21T03:08:45] INFO [DRY RUN] Would upsert: B0F68W8CPQ - Microfone de Lapela Sem Fio Bluetooth Kit 2 Microfonones Aba...
[2026-06-21T03:08:45] INFO   Price: None BRL, BSR: 2, Image hash: d7a04624ffc0...
[2026-06-21T03:08:45] INFO   [3/30] Enriching B0F3D55D5R...
[2026-06-21T03:08:47] INFO [DRY RUN] Would upsert: B0F3D55D5R - Hollyland LARK A1 Duo – Microfone Sem Fio Mini para iPhone 1...
[2026-06-21T03:08:47] INFO   Price: None BRL, BSR: 3, Image hash: 4649abaa010b...
[2026-06-21T03:08:47] INFO   [4/30] Enriching B0FVZLZ822...
[2026-06-21T03:08:50] INFO [DRY RUN] Would upsert: B0FVZLZ822 - Kit 2 Microfones de Lapela aGold - Profissional - Com Imã Se...
[2026-06-21T03:08:50] INFO   Price: None BRL, BSR: 4, Image hash: 61adc7c108aa...
[2026-06-21T03:08:50] INFO   [5/30] Enriching B0GTBT7X7G...
[2026-06-21T03:08:53] INFO [DRY RUN] Would upsert: B0GTBT7X7G - Kit 2 Microfones de Lapela Profissional, Transmissão Sem Fio...
[2026-06-21T03:08:53] INFO   Price: 38.90 BRL, BSR: 5, Image hash: e7be9a24cab3...
[2026-06-21T03:08:53] INFO   [6/30] Enriching B0FZBS9RR4...
[2026-06-21T03:08:55] INFO [DRY RUN] Would upsert: B0FZBS9RR4 - Hollyland Lark M2 Microfone de Lapela Sem Fio, Mini Microfon...
[2026-06-21T03:08:55] INFO   Price: None BRL, BSR: 6, Image hash: 2ad92dc40590...
[2026-06-21T03:08:55] INFO   [7/30] Enriching B0CT633X1L...
[2026-06-21T03:08:58] INFO [DRY RUN] Would upsert: B0CT633X1L - Sistema Microfone Lapela Duplo Hollyland Lark M2 Combo Wirel...
[2026-06-21T03:08:58] INFO   Price: None BRL, BSR: 7, Image hash: ff374b52fa4d...
[2026-06-21T03:08:58] INFO   [8/30] Enriching B0H1SJ31KG...
[2026-06-21T03:09:00] INFO [DRY RUN] Would upsert: B0H1SJ31KG - Microfone de Lapela Sem Fio Duplo HREBOS AirMic Para Celular...
[2026-06-21T03:09:00] INFO   Price: None BRL, BSR: 8, Image hash: 6a5e7b6a72b1...
[2026-06-21T03:09:00] INFO   [9/30] Enriching B0GSRYK4QP...
[2026-06-21T03:09:03] INFO [DRY RUN] Would upsert: B0GSRYK4QP - Microfone de Lapela Sem Fio – Kit com 2 Microfones Bluetooth...
[2026-06-21T03:09:03] INFO   Price: None BRL, BSR: 9, Image hash: 6717968c6cf4...
[2026-06-21T03:09:03] INFO   [10/30] Enriching B0DJSM8PHP...
[2026-06-21T03:09:05] INFO [DRY RUN] Would upsert: B0DJSM8PHP - Microfone Lapela Boya Mini-14 USB-C Sem Fio Preto, Áudio Pro...
[2026-06-21T03:09:05] INFO   Price: None BRL, BSR: 10, Image hash: 03a3924630cd...
[2026-06-21T03:09:05] INFO Downloaded image: amazon_br/B0DNQ8CLXR.jpg (5951 bytes)
[2026-06-21T03:09:05] INFO [DRY RUN] Would upsert: B0DNQ8CLXR - Hollyland Lark M2S Microfone de lapela sem fio com plugue US...
[2026-06-21T03:09:05] INFO   Price: None BRL, BSR: 11, Image hash: e6b8d8c5a025...
[2026-06-21T03:09:05] INFO Downloaded image: amazon_br/B0FQNVZ2TT.jpg (6536 bytes)
[2026-06-21T03:09:05] INFO [DRY RUN] Would upsert: B0FQNVZ2TT - BOYA Mini 2 Microfone de lapela sem fio USB Tipo-C para Andr...
[2026-06-21T03:09:05] INFO   Price: None BRL, BSR: 12, Image hash: 77bb8efa26f4...
[2026-06-21T03:09:05] INFO [DRY RUN] Would upsert: B0CWLC36GR - Lark M2 Receptor para USBC Versão...
[2026-06-21T03:09:05] INFO   Price: None BRL, BSR: 13, Image hash: bf9d0bb2f55a...
[2026-06-21T03:09:06] INFO [DRY RUN] Would upsert: B0CVHGG6FG - JBL, Microfone Sem Fio, Quantum Stream Wireless, Lapela, USB...
[2026-06-21T03:09:06] INFO   Price: None BRL, BSR: 14, Image hash: 49a46e1d95e9...
[2026-06-21T03:09:06] INFO Downloaded image: amazon_br/B0GS4K4PCT.jpg (7399 bytes)
[2026-06-21T03:09:06] INFO [DRY RUN] Would upsert: B0GS4K4PCT - Microfone de Lapela Sem Fio Kit com 2 Unidades Bluetooth Cap...
[2026-06-21T03:09:06] INFO   Price: None BRL, BSR: 15, Image hash: a1001dc57eb8...
[2026-06-21T03:09:06] INFO [DRY RUN] Would upsert: B0FGML41KL - Kit Microfone de Lapela Profissional Sem Fio Altamente Sensi...
[2026-06-21T03:09:06] INFO   Price: None BRL, BSR: 16, Image hash: b691947b08d7...
[2026-06-21T03:09:06] INFO [DRY RUN] Would upsert: B0DG9X4WHW - Microfone USB HyperX QuadCast 2 S – com Iluminação RGB, Idea...
[2026-06-21T03:09:06] INFO   Price: None BRL, BSR: 17, Image hash: ca21be1618b5...
[2026-06-21T03:09:06] INFO Downloaded image: amazon_br/B0H2BV6YML.jpg (7560 bytes)
[2026-06-21T03:09:06] INFO [DRY RUN] Would upsert: B0H2BV6YML - Kit 2 Microfones de Lapela Profissional, Transmissão Sem Fio...
[2026-06-21T03:09:06] INFO   Price: None BRL, BSR: 18, Image hash: 36c19f3ccf62...
[2026-06-21T03:09:06] INFO [DRY RUN] Would upsert: B0FPP5PM61 - Microfone de Lapela Sem Fio Duplo USB-C Lightning iPhone And...
[2026-06-21T03:09:06] INFO   Price: None BRL, BSR: 19, Image hash: 377ed1886bf1...
[2026-06-21T03:09:07] INFO Downloaded image: amazon_br/B0FVMCM5M3.jpg (7170 bytes)
[2026-06-21T03:09:07] INFO [DRY RUN] Would upsert: B0FVMCM5M3 - QBuen microfone de Lapela Sem Fio, Três mudanças de voz, 50m...
[2026-06-21T03:09:07] INFO   Price: None BRL, BSR: 20, Image hash: fa35db5f2007...
[2026-06-21T03:09:07] INFO Downloaded image: amazon_br/B0F9293FQK.jpg (6116 bytes)
[2026-06-21T03:09:07] INFO [DRY RUN] Would upsert: B0F9293FQK - Microfone Lapela Duplo Profissional Sem Fio 2 Em 1 Plug And ...
[2026-06-21T03:09:07] INFO   Price: None BRL, BSR: 21, Image hash: 001178a2db2c...
[2026-06-21T03:09:07] INFO Downloaded image: amazon_br/B0GW7K6GXX.jpg (8166 bytes)
[2026-06-21T03:09:07] INFO [DRY RUN] Would upsert: B0GW7K6GXX - Microfone Lapela Microfone Sem Fio S3 Magnética Duplo Type-c...
[2026-06-21T03:09:07] INFO   Price: None BRL, BSR: 22, Image hash: de992f38d406...
[2026-06-21T03:09:07] INFO [DRY RUN] Would upsert: B0G4XZRKV3 - Kit com 2 Microfones de Lapela Sem Fio Bluetooth USB-C – Áud...
[2026-06-21T03:09:07] INFO   Price: None BRL, BSR: 23, Image hash: dffa270a3f69...
[2026-06-21T03:09:07] INFO Downloaded image: amazon_br/B0GY76ZK7N.jpg (7214 bytes)
[2026-06-21T03:09:07] INFO [DRY RUN] Would upsert: B0GY76ZK7N - Microfone de Lapela sem Fio Bluetooth - Kit 2 Microfonones A...
[2026-06-21T03:09:07] INFO   Price: None BRL, BSR: 24, Image hash: ec3a2f5ead5b...
[2026-06-21T03:09:07] INFO [DRY RUN] Would upsert: B0GZJ9919X - Microfone de Lapela Sem Fio Duplo Bluetooth – Kit 2 Microfon...
[2026-06-21T03:09:07] INFO   Price: None BRL, BSR: 25, Image hash: 44c30f0ecfe0...
[2026-06-21T03:09:08] INFO Downloaded image: amazon_br/B0DBRCLVRT.jpg (8982 bytes)
[2026-06-21T03:09:08] INFO [DRY RUN] Would upsert: B0DBRCLVRT - Sistema Microfone Lapela Hollyland Lark M2 Combo Preto Micro...
[2026-06-21T03:09:08] INFO   Price: None BRL, BSR: 26, Image hash: 1cd371b5754b...
[2026-06-21T03:09:08] INFO [DRY RUN] Would upsert: B0F64FZ9KF - Microfone de Lapela Sem Fio USB-C Duplo para Celular, Kit 2 ...
[2026-06-21T03:09:08] INFO   Price: None BRL, BSR: 27, Image hash: 70e57b5c0e29...
[2026-06-21T03:09:08] INFO [DRY RUN] Would upsert: B0DZ2FWBGK - Microfone de Lapela Sem Fio Profissional com Base de Carrega...
[2026-06-21T03:09:08] INFO   Price: None BRL, BSR: 28, Image hash: c00cca1a4524...
[2026-06-21T03:09:08] INFO Downloaded image: amazon_br/B0BSBDPHSN.jpg (6399 bytes)
[2026-06-21T03:09:08] INFO [DRY RUN] Would upsert: B0BSBDPHSN - Microfone Lapela Wireless Sem Fio BMax Android Tipo C...
[2026-06-21T03:09:08] INFO   Price: None BRL, BSR: 29, Image hash: b3b8444c5c7f...
[2026-06-21T03:09:08] INFO [DRY RUN] Would upsert: B0H132C9WK - Microfone de Lapela Profissional, kit 2 Microfone sem Fio co...
[2026-06-21T03:09:08] INFO   Price: None BRL, BSR: 30, Image hash: 67162921c9f9...
[2026-06-21T03:09:08] INFO ============================================================
[2026-06-21T03:09:08] INFO Scraping amazon_us / microphones: https://www.amazon.com/Best-Sellers-Microphones/zgbs/musical-instruments/8882492011
[2026-06-21T03:09:08] INFO ============================================================
[2026-06-21T03:09:11] INFO Found 4 candidate items in US best sellers HTML
[2026-06-21T03:09:11] INFO Parsed 4 products from microphones best sellers
[2026-06-21T03:09:11] INFO   [1/4] Enriching B01C05AL4C...
[2026-06-21T03:09:13] INFO [DRY RUN] Would upsert: B01C05AL4C - Marantz Professional MPM-1000 - Studio Recording XLR Condens...
[2026-06-21T03:09:13] INFO   Price: None USD, BSR: 1, Image hash: 72ef0bf80606...
[2026-06-21T03:09:13] INFO   [2/4] Enriching B07F9K462S...
[2026-06-21T03:09:15] INFO [DRY RUN] Would upsert: B07F9K462S - AKG P120 Recording Microphone with Knox Gear Boom Arm, Pop F...
[2026-06-21T03:09:15] INFO   Price: None USD, BSR: 2, Image hash: 0a5256a10cb6...
[2026-06-21T03:09:15] INFO   [3/4] Enriching B07QQVNFM1...
[2026-06-21T03:09:18] INFO [DRY RUN] Would upsert: B07QQVNFM1 - Blue Yeti USB Mic for Recording & Streaming on PC and Mac, 3...
[2026-06-21T03:09:18] INFO   Price: None USD, BSR: 3, Image hash: 4f7e639dbcfd...
[2026-06-21T03:09:18] INFO   [4/4] Enriching B001AL8H7G...
[2026-06-21T03:09:20] INFO [DRY RUN] Would upsert: B001AL8H7G - AUDIX DP-Elite 8...
[2026-06-21T03:09:20] INFO   Price: None USD, BSR: 4, Image hash: 2eacfc3f5ae8...
[2026-06-21T03:09:20] INFO 
[2026-06-21T03:09:20] INFO ============================================================
[2026-06-21T03:09:20] INFO SCRAPING COMPLETE
[2026-06-21T03:09:20] INFO ============================================================
[2026-06-21T03:09:20] INFO   amazon_br: 30 scraped, 30 inserted, 0 errors
[2026-06-21T03:09:20] INFO   amazon_us: 4 scraped, 4 inserted, 0 errors
[2026-06-21T03:09:20] INFO   TOTAL: 34 scraped, 34 inserted, 0 errors
[2026-06-21T03:09:20] INFO ============================================================
[2026-06-21T03:09:20] INFO Summary saved to /mnt/ssd/arbitlens/data/last_bestsellers_scrape.json
[2026-06-21T03:10:56] INFO ============================================================
[2026-06-21T03:10:56] INFO Amazon Best Sellers Scraper — starting
[2026-06-21T03:10:56] INFO Platform: all
[2026-06-21T03:10:56] INFO Category: beauty
[2026-06-21T03:10:56] INFO Dry run: False
[2026-06-21T03:10:56] INFO Enrich: True
[2026-06-21T03:10:56] INFO ============================================================
[2026-06-21T03:10:56] INFO ============================================================
[2026-06-21T03:10:56] INFO Scraping amazon_br / beauty: https://www.amazon.com.br/gp/bestsellers/beauty
[2026-06-21T03:10:56] INFO ============================================================
[2026-06-21T03:10:59] INFO Found 30 candidate items in BR best sellers HTML
[2026-06-21T03:10:59] INFO Parsed 30 products from beauty best sellers
[2026-06-21T03:10:59] INFO   [1/30] Enriching B07H113TPQ...
[2026-06-21T03:11:02] INFO Downloaded image: amazon_br/B07H113TPQ.jpg (3992 bytes)
[2026-06-21T03:11:02] INFO ============================================================
[2026-06-21T03:11:02] INFO Amazon Best Sellers Scraper — starting
[2026-06-21T03:11:02] INFO Platform: all
[2026-06-21T03:11:02] INFO Category: toys
[2026-06-21T03:11:02] INFO Dry run: False
[2026-06-21T03:11:02] INFO Enrich: True
[2026-06-21T03:11:02] INFO ============================================================
[2026-06-21T03:11:02] INFO ============================================================
[2026-06-21T03:11:02] INFO Scraping amazon_br / toys: https://www.amazon.com.br/gp/bestsellers/toys
[2026-06-21T03:11:02] INFO ============================================================
[2026-06-21T03:11:05] INFO Found 30 candidate items in BR best sellers HTML
[2026-06-21T03:11:05] INFO Parsed 30 products from toys best sellers
[2026-06-21T03:11:05] INFO   [1/30] Enriching B000J445XA...
[2026-06-21T03:11:08] INFO Downloaded image: amazon_br/B000J445XA.jpg (9410 bytes)
[2026-06-21T03:11:08] INFO ============================================================
[2026-06-21T03:11:08] INFO Amazon Best Sellers Scraper — starting
[2026-06-21T03:11:08] INFO Platform: all
[2026-06-21T03:11:08] INFO Category: garden
[2026-06-21T03:11:08] INFO Dry run: False
[2026-06-21T03:11:08] INFO Enrich: True
[2026-06-21T03:11:08] INFO ============================================================
[2026-06-21T03:11:08] INFO ============================================================
[2026-06-21T03:11:08] INFO Scraping amazon_br / garden: https://www.amazon.com.br/gp/bestsellers/garden
[2026-06-21T03:11:08] INFO ============================================================
[2026-06-21T03:11:10] INFO Found 0 candidate items in BR best sellers HTML
[2026-06-21T03:11:10] INFO Parsed 0 products from garden best sellers
[2026-06-21T03:11:10] WARNING No products found. Saved HTML snippet to /mnt/ssd/arbitlens/logs/debug_amazon_br_garden.html
[2026-06-21T03:11:10] INFO ============================================================
[2026-06-21T03:11:10] INFO Scraping amazon_us / garden: https://www.amazon.com/Best-Sellers-Garden-Outdoor/zgbs/lawn-and-garden
[2026-06-21T03:11:10] INFO ============================================================
[2026-06-21T03:11:13] INFO Found 0 candidate items in US best sellers HTML
[2026-06-21T03:11:13] INFO Parsed 0 products from garden best sellers
[2026-06-21T03:11:13] WARNING No products found. Saved HTML snippet to /mnt/ssd/arbitlens/logs/debug_amazon_us_garden.html
[2026-06-21T03:11:13] INFO 
[2026-06-21T03:11:13] INFO ============================================================
[2026-06-21T03:11:13] INFO SCRAPING COMPLETE
[2026-06-21T03:11:13] INFO ============================================================
[2026-06-21T03:11:13] INFO   amazon_br: 0 scraped, 0 inserted, 1 errors
[2026-06-21T03:11:13] INFO   amazon_us: 0 scraped, 0 inserted, 1 errors
[2026-06-21T03:11:13] INFO   TOTAL: 0 scraped, 0 inserted, 2 errors
[2026-06-21T03:11:13] INFO ============================================================
[2026-06-21T03:11:13] INFO Summary saved to /mnt/ssd/arbitlens/data/last_bestsellers_scrape.json
[2026-06-21T03:11:13] INFO ============================================================
[2026-06-21T03:11:13] INFO Amazon Best Sellers Scraper — starting
[2026-06-21T03:11:13] INFO Platform: all
[2026-06-21T03:11:13] INFO Category: baby
[2026-06-21T03:11:13] INFO Dry run: False
[2026-06-21T03:11:13] INFO Enrich: True
[2026-06-21T03:11:13] INFO ============================================================
[2026-06-21T03:11:13] INFO ============================================================
[2026-06-21T03:11:13] INFO Scraping amazon_br / baby: https://www.amazon.com.br/gp/bestsellers/baby
[2026-06-21T03:11:13] INFO ============================================================
[2026-06-21T03:11:15] WARNING 503 on https://www.amazon.com.br/gp/bestsellers/baby (attempt 1/3), retrying...
[2026-06-21T03:11:23] WARNING 503 on https://www.amazon.com.br/gp/bestsellers/baby (attempt 2/3), retrying...
[2026-06-21T03:11:35] WARNING 503 on https://www.amazon.com.br/gp/bestsellers/baby (attempt 3/3), retrying...
[2026-06-21T03:11:50] ERROR Failed after 3 attempts: https://www.amazon.com.br/gp/bestsellers/baby
[2026-06-21T03:11:50] ERROR Failed to fetch best sellers page for baby
[2026-06-21T03:11:50] INFO ============================================================
[2026-06-21T03:11:50] INFO Scraping amazon_us / baby: https://www.amazon.com/Best-Sellers-Baby/zgbs/baby-products
[2026-06-21T03:11:50] INFO ============================================================
[2026-06-21T03:11:53] INFO Found 30 candidate items in US best sellers HTML
[2026-06-21T03:11:53] INFO Parsed 30 products from baby best sellers
[2026-06-21T03:11:53] INFO   [1/30] Enriching B010OVZO64...
[2026-06-21T03:11:56] INFO Downloaded image: amazon_us/B010OVZO64.jpg (12598 bytes)
[2026-06-21T03:16:46] INFO ============================================================
[2026-06-21T03:16:46] INFO Amazon Best Sellers Scraper — starting
[2026-06-21T03:16:46] INFO Platform: all
[2026-06-21T03:16:46] INFO Category: beauty
[2026-06-21T03:16:46] INFO Dry run: False
[2026-06-21T03:16:46] INFO Enrich: True
[2026-06-21T03:16:46] INFO ============================================================
[2026-06-21T03:16:46] INFO ============================================================
[2026-06-21T03:16:46] INFO Scraping amazon_br / beauty: https://www.amazon.com.br/gp/bestsellers/beauty
[2026-06-21T03:16:46] INFO ============================================================
[2026-06-21T03:16:49] WARNING 503 on https://www.amazon.com.br/gp/bestsellers/beauty (attempt 1/3), retrying...
[2026-06-21T03:16:57] INFO Found 30 candidate items in BR best sellers HTML
[2026-06-21T03:16:57] INFO Parsed 30 products from beauty best sellers
[2026-06-21T03:16:57] INFO   [1/30] Enriching B07H113TPQ...
[2026-06-21T03:17:00] INFO Inserted: B07H113TPQ - L'Oréal Paris Elseve Óleo Extraordinário Finalizad...
[2026-06-21T03:17:00] INFO   [2/30] Enriching B0D8RHX3C6...
[2026-06-21T03:17:04] INFO Downloaded image: amazon_br/B0D8RHX3C6.jpg (2807 bytes)
[2026-06-21T03:17:04] INFO Inserted: B0D8RHX3C6 - Dove Sérum Hidratante Corporal Niacinamida + Unifo...
[2026-06-21T03:17:04] INFO   [3/30] Enriching B072MK7BN2...
[2026-06-21T03:17:06] INFO Downloaded image: amazon_br/B072MK7BN2.jpg (2784 bytes)
[2026-06-21T03:17:06] INFO Inserted: B072MK7BN2 - La Roche-Posay Cicaplast Baume B5+ Cuidado Multirr...
[2026-06-21T03:17:06] INFO   [4/30] Enriching B0DP82WCWS...
[2026-06-21T03:17:08] INFO Downloaded image: amazon_br/B0DP82WCWS.jpg (7591 bytes)
[2026-06-21T03:17:08] INFO Inserted: B0DP82WCWS - Garnier, Gel Creme Hidratante Facial Antimanchas T...
[2026-06-21T03:17:08] INFO   [5/30] Enriching B07Y2BK4GJ...
[2026-06-21T03:17:11] INFO Downloaded image: amazon_br/B07Y2BK4GJ.jpg (3021 bytes)
[2026-06-21T03:17:11] INFO Inserted: B07Y2BK4GJ - Neostrata Minesol Protetor Solar Facial Oil Contro...
[2026-06-21T03:17:11] INFO   [6/30] Enriching B07RK4HST7...
[2026-06-21T03:17:13] INFO Downloaded image: amazon_br/B07RK4HST7.jpg (4281 bytes)
[2026-06-21T03:17:13] INFO Inserted: B07RK4HST7 - CeraVe, Loção Hidratante Corporal, com textura Flu...
[2026-06-21T03:17:13] INFO   [7/30] Enriching B0G3YGYW4Z...
[2026-06-21T03:17:16] INFO Downloaded image: amazon_br/B0G3YGYW4Z.jpg (4873 bytes)
[2026-06-21T03:17:16] INFO Inserted: B0G3YGYW4Z - Elseve Collagen Lifter Leave-in Sérum Capilar Para...
[2026-06-21T03:17:16] INFO   [8/30] Enriching B0DC74428B...
[2026-06-21T03:17:19] INFO Downloaded image: amazon_br/B0DC74428B.jpg (4220 bytes)
[2026-06-21T03:17:19] INFO Inserted: B0DC74428B - Dove Óleo de Banho Hidratação Intensa e Limpeza De...
[2026-06-21T03:17:19] INFO   [9/30] Enriching B07SBXMSGB...
[2026-06-21T03:17:21] INFO Downloaded image: amazon_br/B07SBXMSGB.jpg (4863 bytes)
[2026-06-21T03:17:21] INFO Inserted: B07SBXMSGB - Argan Óleo Reparador 50ml , Lola Cosmetics...
[2026-06-21T03:17:21] INFO   [10/30] Enriching B00XDX9JJY...
[2026-06-21T03:17:24] INFO Downloaded image: amazon_br/B00XDX9JJY.jpg (5619 bytes)
[2026-06-21T03:17:24] INFO Inserted: B00XDX9JJY - NIVEA Sabonete Líquido Óleo de Banho 200ml, Limpez...
[2026-06-21T03:17:24] INFO Downloaded image: amazon_br/B00N6AKNQW.jpg (8495 bytes)
[2026-06-21T03:17:24] INFO Inserted: B00N6AKNQW - Kit Sabonete, PHEBO, Amarelo, 720g...
[2026-06-21T03:17:24] INFO Downloaded image: amazon_br/B077BY5B8Q.jpg (2734 bytes)
[2026-06-21T03:17:24] INFO Inserted: B077BY5B8Q - Maybelline NY The Colossal Volum' Express, Máscara...
[2026-06-21T03:17:24] INFO Downloaded image: amazon_br/B0DJCFN5D9.jpg (9469 bytes)
[2026-06-21T03:17:24] INFO Inserted: B0DJCFN5D9 - Creme Crocante Ovomaltine Pote 260g...
[2026-06-21T03:17:25] INFO Downloaded image: amazon_br/B08NVMP2YZ.jpg (3229 bytes)
[2026-06-21T03:17:25] INFO Inserted: B08NVMP2YZ - Neutrogena Sun Fresh Protetor Solar Facial Derm Ca...
[2026-06-21T03:17:25] INFO Downloaded image: amazon_br/B0DPB55MCY.jpg (6608 bytes)
[2026-06-21T03:17:25] INFO Inserted: B0DPB55MCY - Bepantol Derma Rosa Mosqueta, Pele Normal a Seca, ...
[2026-06-21T03:17:25] INFO Downloaded image: amazon_br/B07LFFGZ93.jpg (10405 bytes)
[2026-06-21T03:17:25] INFO Inserted: B07LFFGZ93 - Dove Sabonete em Barra Original 90g 6 Unidades...
[2026-06-21T03:17:25] INFO Downloaded image: amazon_br/B07R2DDVVG.jpg (6707 bytes)
[2026-06-21T03:17:25] INFO Inserted: B07R2DDVVG - EUCERIN Pomada Reparadora Aquaphor Duopack 10ml, H...
[2026-06-21T03:17:25] INFO Downloaded image: amazon_br/B0FBDLYLSZ.jpg (9538 bytes)
[2026-06-21T03:17:26] INFO Inserted: B0FBDLYLSZ - Creme Hidratante Facial 5% Manteiga de Karité + 5%...
[2026-06-21T03:17:26] INFO Downloaded image: amazon_br/B0CVXT2K1S.jpg (3374 bytes)
[2026-06-21T03:17:26] INFO Inserted: B0CVXT2K1S - Pantene Pro-V Miracles Óleo Capilar Milagroso Quer...
[2026-06-21T03:17:26] INFO Downloaded image: amazon_br/B0F4G1GF7W.jpg (6451 bytes)
[2026-06-21T03:17:26] INFO Inserted: B0F4G1GF7W - Neutrogena Hidratante Corporal Body Care Intensive...
[2026-06-21T03:17:26] INFO Downloaded image: amazon_br/B0CB716LLZ.jpg (12842 bytes)
[2026-06-21T03:17:26] INFO Inserted: B0CB716LLZ - Neutrogena Hidratante Facial Hydro Boost Water Gel...
[2026-06-21T03:17:26] INFO Downloaded image: amazon_br/B0G45KPX15.jpg (8293 bytes)
[2026-06-21T03:17:26] INFO Inserted: B0G45KPX15 - Elseve Collagen Lifter Máscara de Tratamento Condi...
[2026-06-21T03:17:27] INFO Downloaded image: amazon_br/B079VXJK79.jpg (8435 bytes)
[2026-06-21T03:17:27] INFO Inserted: B079VXJK79 - Cetaphil Creme Hidratante...
[2026-06-21T03:17:27] INFO Downloaded image: amazon_br/B0CTR4FL63.jpg (6131 bytes)
[2026-06-21T03:17:27] INFO Inserted: B0CTR4FL63 - Protetor Solar Facial 16,5% Mix de Filtros UV + 5%...
[2026-06-21T03:17:27] INFO Downloaded image: amazon_br/B074LTNQBP.jpg (9466 bytes)
[2026-06-21T03:17:27] INFO Inserted: B074LTNQBP - Morte Súbita Máscara Super Hidratante 450g , Lola ...
[2026-06-21T03:17:27] INFO Downloaded image: amazon_br/B07Y2C1PWG.jpg (3160 bytes)
[2026-06-21T03:17:27] INFO Inserted: B07Y2C1PWG - La Roche-posay Effaclar Gel Alta Tolerância. Limpe...
[2026-06-21T03:17:27] INFO Downloaded image: amazon_br/B09GHN14FP.jpg (5065 bytes)
[2026-06-21T03:17:27] INFO Inserted: B09GHN14FP - Danos Vorazes Óleo Reparador 50ml , Lola Cosmetics...
[2026-06-21T03:17:28] INFO Downloaded image: amazon_br/B074LVMLNG.jpg (5623 bytes)
[2026-06-21T03:17:28] INFO Inserted: B074LVMLNG - Lola Cosmetics Rapunzel - Tônico Capilar 230ml...
[2026-06-21T03:17:28] INFO Downloaded image: amazon_br/B0DK4975DJ.jpg (8511 bytes)
[2026-06-21T03:17:28] INFO Inserted: B0DK4975DJ - NIVEA Kit Loção Hidratante Milk Pele Seca a Extras...
[2026-06-21T03:17:28] INFO Downloaded image: amazon_br/B0B2FFH6GS.jpg (4154 bytes)
[2026-06-21T03:17:28] INFO Inserted: B0B2FFH6GS - Darrow Actine Gel de Limpeza Dermatológico Facial ...
[2026-06-21T03:17:28] INFO ============================================================
[2026-06-21T03:17:28] INFO Scraping amazon_us / beauty: https://www.amazon.com/Best-Sellers-Beauty/zgbs/beauty
[2026-06-21T03:17:28] INFO ============================================================
[2026-06-21T03:17:31] INFO Found 30 candidate items in US best sellers HTML
[2026-06-21T03:17:31] INFO Parsed 30 products from beauty best sellers
[2026-06-21T03:17:31] INFO   [1/30] Enriching B09541P9WH...
[2026-06-21T03:17:33] INFO Downloaded image: amazon_us/B09541P9WH.jpg (5583 bytes)
[2026-06-21T03:17:33] INFO Inserted: B09541P9WH - Amazon Basics Double-Tipped Cotton Swabs for Perso...
[2026-06-21T03:17:33] INFO   [2/30] Enriching B09V7Z4TJG...
[2026-06-21T03:17:36] INFO Downloaded image: amazon_us/B09V7Z4TJG.jpg (5081 bytes)
[2026-06-21T03:17:36] INFO Inserted: B09V7Z4TJG - medicube Toner Pads Zero Pore Pad 2.0 | Dual-Textu...
[2026-06-21T03:17:36] INFO   [3/30] Enriching B08KT2Z93D...
[2026-06-21T03:17:38] INFO Downloaded image: amazon_us/B08KT2Z93D.jpg (4694 bytes)
[2026-06-21T03:17:38] INFO Inserted: B08KT2Z93D - eos Shea Better Body Lotion Vanilla Cashmere, 24-H...
[2026-06-21T03:17:38] INFO   [4/30] Enriching B074PVTPBW...
[2026-06-21T03:17:40] INFO Downloaded image: amazon_us/B074PVTPBW.jpg (5730 bytes)
[2026-06-21T03:17:40] INFO Inserted: B074PVTPBW - Mighty Patch Original from Hero Cosmetics - Hydroc...
[2026-06-21T03:17:40] INFO   [5/30] Enriching B071914GGL...
[2026-06-21T03:17:42] INFO Downloaded image: amazon_us/B071914GGL.jpg (4003 bytes)
[2026-06-21T03:17:43] INFO Inserted: B071914GGL - The Ordinary Glycolic Acid 7% Exfoliating Toner, B...
[2026-06-21T03:17:43] INFO   [6/30] Enriching B00U2VQZDS...
[2026-06-21T03:17:45] INFO Downloaded image: amazon_us/B00U2VQZDS.jpg (9605 bytes)
[2026-06-21T03:17:45] INFO Inserted: B00U2VQZDS - Neutrogena Makeup Remover Micellar Wipes for Face ...
[2026-06-21T03:17:45] INFO   [7/30] Enriching B0B2RM68G2...
[2026-06-21T03:17:47] INFO Downloaded image: amazon_us/B0B2RM68G2.jpg (5911 bytes)
[2026-06-21T03:17:47] INFO Inserted: B0B2RM68G2 - BIODANCE Bio-Collagen Real Deep Mask, Hydrating Ov...
[2026-06-21T03:17:47] INFO   [8/30] Enriching B09542G9ZN...
[2026-06-21T03:17:50] INFO Downloaded image: amazon_us/B09542G9ZN.jpg (2222 bytes)
[2026-06-21T03:17:50] INFO Inserted: B09542G9ZN - Amazon Basics Hypoallergenic Cotton Rounds for Mak...
[2026-06-21T03:17:50] INFO   [9/30] Enriching B07PBXXNCY...
[2026-06-21T03:17:52] INFO Downloaded image: amazon_us/B07PBXXNCY.jpg (6559 bytes)
[2026-06-21T03:17:52] INFO Inserted: B07PBXXNCY - Clean Skin Club Clean Towels XL®, 100% USDA Biobas...
[2026-06-21T03:17:52] INFO   [10/30] Enriching B08H3JPH74...
[2026-06-21T03:17:55] INFO Downloaded image: amazon_us/B08H3JPH74.jpg (3667 bytes)
[2026-06-21T03:17:55] INFO Inserted: B08H3JPH74 - Maybelline Lash Sensational Sky High Washable Masc...
[2026-06-21T03:17:55] INFO Downloaded image: amazon_us/B081KL2QYJ.jpg (8136 bytes)
[2026-06-21T03:17:55] INFO Inserted: B081KL2QYJ - PanOxyl 10% Benzoyl Peroxide Acne Foaming Wash, Ma...
[2026-06-21T03:17:55] INFO Downloaded image: amazon_us/B07MFMWFYL.jpg (5569 bytes)
[2026-06-21T03:17:55] INFO Inserted: B07MFMWFYL - MRS. MEYER'S CLEAN DAY Hand Soap Refill, Rain Wate...
[2026-06-21T03:17:56] INFO Downloaded image: amazon_us/B0DPHQRLJC.jpg (4338 bytes)
[2026-06-21T03:17:56] INFO Inserted: B0DPHQRLJC - eos Body Wash, Vanilla, Moisturizing Creamy Gel Fo...
[2026-06-21T03:17:56] INFO Downloaded image: amazon_us/B002MSN3QQ.jpg (4113 bytes)
[2026-06-21T03:17:56] INFO Inserted: B002MSN3QQ - EltaMD UV Clear Face Sunscreen SPF, Oil-Free Sunsc...
[2026-06-21T03:17:56] INFO Downloaded image: amazon_us/B084ZP848Y.jpg (3240 bytes)
[2026-06-21T03:17:56] INFO Inserted: B084ZP848Y - Blue Lizard Sensitive Mineral SPF 50 Sunscreen Lot...
[2026-06-21T03:17:57] INFO Downloaded image: amazon_us/B00AINMFAC.jpg (8316 bytes)
[2026-06-21T03:17:57] INFO Inserted: B00AINMFAC - Nizoral Anti-Dandruff Shampoo with 1% Ketoconazole...
[2026-06-21T03:17:57] INFO Downloaded image: amazon_us/B000H3I2JG.jpg (6386 bytes)
[2026-06-21T03:17:57] INFO Inserted: B000H3I2JG - Revlon ColorStay Pencil Waterproof Eyeliner, Smudg...
[2026-06-21T03:17:57] INFO Downloaded image: amazon_us/B09HHDHXWX.jpg (4110 bytes)
[2026-06-21T03:17:57] INFO Inserted: B09HHDHXWX - Amazon Basics Gentle & Mild Clear Liquid Hand Soap...
[2026-06-21T03:17:58] INFO Downloaded image: amazon_us/B0107QPFBU.jpg (3532 bytes)
[2026-06-21T03:17:58] INFO Inserted: B0107QPFBU - Aquaphor Healing Ointment Advanced Therapy Skin Pr...
[2026-06-21T03:17:58] INFO Downloaded image: amazon_us/B0BXTS6L35.jpg (4849 bytes)
[2026-06-21T03:17:58] INFO Inserted: B0BXTS6L35 - Amazon Basics Epsom Salt Soak, Unscented, Magnesiu...
[2026-06-21T03:17:58] INFO Downloaded image: amazon_us/B07PBQZ3KF.jpg (2031 bytes)
[2026-06-21T03:17:58] INFO Inserted: B07PBQZ3KF - e.l.f. Instant Lift Brow Pencil, Dual-Sided, Preci...
[2026-06-21T03:17:59] INFO Downloaded image: amazon_us/B01N9SPQHQ.jpg (4631 bytes)
[2026-06-21T03:17:59] INFO Inserted: B01N9SPQHQ - La Roche-Posay Toleriane Double Repair Face Moistu...
[2026-06-21T03:17:59] INFO Downloaded image: amazon_us/B00T0C9XRK.jpg (4312 bytes)
[2026-06-21T03:17:59] INFO Inserted: B00T0C9XRK - essence | Lash Princess False Lash Effect Mascara ...
[2026-06-21T03:17:59] INFO Downloaded image: amazon_us/B07GB3NVN1.jpg (4562 bytes)
[2026-06-21T03:17:59] INFO Inserted: B07GB3NVN1 - Native Deodorant Contains Naturally Derived Ingred...
[2026-06-21T03:18:00] INFO Downloaded image: amazon_us/B01MYEZPC8.jpg (3446 bytes)
[2026-06-21T03:18:00] INFO Inserted: B01MYEZPC8 - The Ordinary Hyaluronic Acid 2% + B5 (with Ceramid...
[2026-06-21T03:18:00] INFO Downloaded image: amazon_us/B0B1PDDLGZ.jpg (2376 bytes)
[2026-06-21T03:18:00] INFO Inserted: B0B1PDDLGZ - Naturium The Glow Getter Multi-Oil Hydrating Body ...
[2026-06-21T03:18:00] INFO Downloaded image: amazon_us/B01MDTVZTZ.jpg (3812 bytes)
[2026-06-21T03:18:00] INFO Inserted: B01MDTVZTZ - The Ordinary Niacinamide 10% + Zinc 1%, Smoothing ...
[2026-06-21T03:18:01] INFO Downloaded image: amazon_us/B08WYXNVQ7.jpg (2942 bytes)
[2026-06-21T03:18:01] INFO Inserted: B08WYXNVQ7 - Salt & Stone Aluminum Free Deodorant | Extra Stren...
[2026-06-21T03:18:01] INFO Downloaded image: amazon_us/B01MQXX9US.jpg (6868 bytes)
[2026-06-21T03:18:01] INFO Inserted: B01MQXX9US - Banana Boat Sport Ultra SPF 50 Sunscreen Spray | B...
[2026-06-21T03:18:01] INFO Downloaded image: amazon_us/B08BW46XXK.jpg (4413 bytes)
[2026-06-21T03:18:01] INFO Inserted: B08BW46XXK - Vanicream Daily Facial Moisturizer With Ceramides ...
[2026-06-21T03:18:01] INFO 
[2026-06-21T03:18:01] INFO ============================================================
[2026-06-21T03:18:01] INFO SCRAPING COMPLETE
[2026-06-21T03:18:01] INFO ============================================================
[2026-06-21T03:18:01] INFO   amazon_br: 30 scraped, 30 inserted, 0 errors
[2026-06-21T03:18:01] INFO   amazon_us: 30 scraped, 30 inserted, 0 errors
[2026-06-21T03:18:01] INFO   TOTAL: 60 scraped, 60 inserted, 0 errors
[2026-06-21T03:18:01] INFO ============================================================
[2026-06-21T03:18:01] INFO Summary saved to /mnt/ssd/arbitlens/data/last_bestsellers_scrape.json
[2026-06-21T03:18:02] INFO ============================================================
[2026-06-21T03:18:02] INFO Amazon Best Sellers Scraper — starting
[2026-06-21T03:18:02] INFO Platform: all
[2026-06-21T03:18:02] INFO Category: toys
[2026-06-21T03:18:02] INFO Dry run: False
[2026-06-21T03:18:02] INFO Enrich: True
[2026-06-21T03:18:02] INFO ============================================================
[2026-06-21T03:18:02] INFO ============================================================
[2026-06-21T03:18:02] INFO Scraping amazon_br / toys: https://www.amazon.com.br/gp/bestsellers/toys
[2026-06-21T03:18:02] INFO ============================================================
[2026-06-21T03:18:05] INFO Found 30 candidate items in BR best sellers HTML
[2026-06-21T03:18:05] INFO Parsed 30 products from toys best sellers
[2026-06-21T03:18:05] INFO   [1/30] Enriching B000J445XA...
[2026-06-21T03:18:08] INFO Inserted: B000J445XA - DAS, Massa para Modelar, Branco, 500g...
[2026-06-21T03:18:08] INFO   [2/30] Enriching B0CBNR2ML6...
[2026-06-21T03:18:11] INFO Downloaded image: amazon_br/B0CBNR2ML6.jpg (12034 bytes)
[2026-06-21T03:18:11] INFO Inserted: B0CBNR2ML6 - UNO Jogo de Cartas No Mercy 7 anos...
[2026-06-21T03:18:11] INFO   [3/30] Enriching B07LHC55HY...
[2026-06-21T03:18:13] INFO Downloaded image: amazon_br/B07LHC55HY.jpg (8710 bytes)
[2026-06-21T03:18:13] INFO Inserted: B07LHC55HY - Pais & Filhos - Caiu Perdeu, 54 Pçs, idade mínima ...
[2026-06-21T03:18:13] INFO   [4/30] Enriching 6555005904...
[2026-06-21T03:18:16] INFO Downloaded image: amazon_br/6555005904.jpg (8818 bytes)
[2026-06-21T03:18:16] INFO Inserted: 6555005904 - Fisher-Price - Meu livrão de colorir...
[2026-06-21T03:18:16] INFO   [5/30] Enriching B0GP2QPHQ8...
[2026-06-21T03:18:19] INFO Downloaded image: amazon_br/B0GP2QPHQ8.jpg (9422 bytes)
[2026-06-21T03:18:19] INFO Inserted: B0GP2QPHQ8 - Pokémon TCG, Blister Triplo Pokémon Makuhita ME03 ...
[2026-06-21T03:18:19] INFO   [6/30] Enriching B0CRZC7GRL...
[2026-06-21T03:18:23] INFO Downloaded image: amazon_br/B0CRZC7GRL.jpg (7931 bytes)
[2026-06-21T03:18:23] INFO Inserted: B0CRZC7GRL - Buba, Chocalho Com Mordedor Coelhinho...
[2026-06-21T03:18:23] INFO   [7/30] Enriching B09Q85ZBT2...
[2026-06-21T03:18:25] INFO Downloaded image: amazon_br/B09Q85ZBT2.jpg (6021 bytes)
[2026-06-21T03:18:25] INFO Inserted: B09Q85ZBT2 - GGB Plast Mini Cofre Infantil Colorido...
[2026-06-21T03:18:25] INFO   [8/30] Enriching B075QRWRYP...
[2026-06-21T03:18:29] INFO Downloaded image: amazon_br/B075QRWRYP.jpg (9180 bytes)
[2026-06-21T03:18:29] INFO Inserted: B075QRWRYP - LEGO Classic ─ 10713 Maleta da Criatividade ─ Kit ...
[2026-06-21T03:18:29] INFO   [9/30] Enriching B0F9Z3FZBG...
[2026-06-21T03:18:32] INFO Downloaded image: amazon_br/B0F9Z3FZBG.jpg (7484 bytes)
[2026-06-21T03:18:32] INFO Inserted: B0F9Z3FZBG - Carro Hot Wheels Collector Visa Cash App RB Formul...
[2026-06-21T03:18:32] INFO   [10/30] Enriching B0DFFTP71B...
[2026-06-21T03:18:35] INFO Downloaded image: amazon_br/B0DFFTP71B.jpg (5738 bytes)
[2026-06-21T03:18:35] INFO Inserted: B0DFFTP71B - Bicicleta De Equilibrio Buba, 4 Rodas...
[2026-06-21T03:18:35] INFO Downloaded image: amazon_br/B07PDGL5X4.jpg (4418 bytes)
[2026-06-21T03:18:35] INFO Inserted: B07PDGL5X4 - MeepleBR Sleeves - PADRÃO (63,5x88mm), 100 Unidade...
[2026-06-21T03:18:36] INFO Downloaded image: amazon_br/B0GP2J4W78.jpg (8552 bytes)
[2026-06-21T03:18:36] INFO Inserted: B0GP2J4W78 - Pokémon TCG, Blister Quadrúplo Pokémon Chikorita M...
[2026-06-21T03:18:36] INFO Downloaded image: amazon_br/B077Q7D2QX.jpg (15848 bytes)
[2026-06-21T03:18:36] INFO Inserted: B077Q7D2QX - Utiguti Massa de Modelar Soft Estojo com 12 Cores ...
[2026-06-21T03:18:36] INFO Downloaded image: amazon_br/B085B2DMMK.jpg (6723 bytes)
[2026-06-21T03:18:36] INFO Inserted: B085B2DMMK - Marvel, Action Figure, Hulk, Mighty Hero Series - ...
[2026-06-21T03:18:36] INFO Downloaded image: amazon_br/B09SVRB79R.jpg (10628 bytes)
[2026-06-21T03:18:36] INFO Inserted: B09SVRB79R - Play-Doh, Massinha de Modelar Infantil, Mini Sorve...
[2026-06-21T03:18:36] INFO Downloaded image: amazon_br/B07M9233QG.jpg (4524 bytes)
[2026-06-21T03:18:36] INFO Inserted: B07M9233QG - Fisher-Price Brinquedo para Bebês Pirâmide de Argo...
[2026-06-21T03:18:37] INFO Downloaded image: amazon_br/B09Q815JZ1.jpg (8032 bytes)
[2026-06-21T03:18:37] INFO Inserted: B09Q815JZ1 - Kit com 8 Apitos, GGB Plast...
[2026-06-21T03:18:37] INFO Downloaded image: amazon_br/B0GS7HB5NN.jpg (9956 bytes)
[2026-06-21T03:18:37] INFO Inserted: B0GS7HB5NN - Caminhão Transportador Dinossauro T-Rex: Brinquedo...
[2026-06-21T03:18:37] INFO Downloaded image: amazon_br/8538060872.jpg (10267 bytes)
[2026-06-21T03:18:37] INFO Inserted: 8538060872 - Minhas 100 Primeiras Palavras...
[2026-06-21T03:18:37] INFO Downloaded image: amazon_br/6555009977.jpg (11303 bytes)
[2026-06-21T03:18:37] INFO Inserted: 6555009977 - Fisher-Price - Procurar e encontrar: Animais diver...
[2026-06-21T03:18:37] INFO Downloaded image: amazon_br/6555122072.jpg (7168 bytes)
[2026-06-21T03:18:37] INFO Inserted: 6555122072 - Jujutsu kaisen: batalha de feiticeiros vol. 1...
[2026-06-21T03:18:38] INFO Downloaded image: amazon_br/B0CQTNGCF9.jpg (13150 bytes)
[2026-06-21T03:18:38] INFO Inserted: B0CQTNGCF9 - Play-Doh, Massinha de Modelar Infantil, Smoothies ...
[2026-06-21T03:18:38] INFO Downloaded image: amazon_br/B0CN9KP7VZ.jpg (9226 bytes)
[2026-06-21T03:18:38] INFO Inserted: B0CN9KP7VZ - Massinha de Modelar, Fofa, 06 Cores, 90 g, Make+...
[2026-06-21T03:18:38] INFO Downloaded image: amazon_br/B000GKUEVE.jpg (10568 bytes)
[2026-06-21T03:18:38] INFO Inserted: B000GKUEVE - Pacote 5 Carros Sortidos, Hot Wheels, Mattel, Mult...
[2026-06-21T03:18:38] INFO Downloaded image: amazon_br/B0784DTZ33.jpg (11942 bytes)
[2026-06-21T03:18:38] INFO Inserted: B0784DTZ33 - GIOTTO Tempera Guache, Tinta Guache em Pote de 15m...
[2026-06-21T03:18:39] INFO Downloaded image: amazon_br/B0DJ19R8H7.jpg (9639 bytes)
[2026-06-21T03:18:39] INFO Inserted: B0DJ19R8H7 - LEGO Minecraft A Batalha de Lava no Nether 21266...
[2026-06-21T03:18:39] INFO Downloaded image: amazon_br/B0778T3SRK.jpg (8611 bytes)
[2026-06-21T03:18:39] INFO Inserted: B0778T3SRK - BIC, Lápis de Cor Sextavado, Evolution, 24 Cores...
[2026-06-21T03:18:39] INFO Downloaded image: amazon_br/B0DHLHWZT7.jpg (10675 bytes)
[2026-06-21T03:18:39] INFO Inserted: B0DHLHWZT7 - LEGO Speed Champions Carro de Corrida Ferrari SF-2...
[2026-06-21T03:18:39] INFO Downloaded image: amazon_br/B0C7LVR36H.jpg (8132 bytes)
[2026-06-21T03:18:39] INFO Inserted: B0C7LVR36H - Cade 54 Cartas...
[2026-06-21T03:18:39] INFO Downloaded image: amazon_br/B09SVT8LM9.jpg (9859 bytes)
[2026-06-21T03:18:39] INFO Inserted: B09SVT8LM9 - Play-Doh, Massinha de Modelar Infantil, Brincando ...
[2026-06-21T03:18:39] INFO ============================================================
[2026-06-21T03:18:39] INFO Scraping amazon_us / toys: https://www.amazon.com/Best-Sellers-Toys-Games/zgbs/toys-and-games
[2026-06-21T03:18:39] INFO ============================================================
[2026-06-21T03:18:42] INFO Found 30 candidate items in US best sellers HTML
[2026-06-21T03:18:42] INFO Parsed 30 products from toys best sellers
[2026-06-21T03:18:42] INFO   [1/30] Enriching B0BDQLJMFV...
[2026-06-21T03:18:45] INFO Downloaded image: amazon_us/B0BDQLJMFV.jpg (6962 bytes)
[2026-06-21T03:18:45] INFO Inserted: B0BDQLJMFV - PartyWoo Black Balloons 140 pcs Different Sizes of...
[2026-06-21T03:18:45] INFO   [2/30] Enriching B0BZCHMVTK...
[2026-06-21T03:18:47] INFO Downloaded image: amazon_us/B0BZCHMVTK.jpg (9098 bytes)
[2026-06-21T03:18:47] INFO Inserted: B0BZCHMVTK - Bezente Assorted Rainbow Latex Balloons, 100 Pack ...
[2026-06-21T03:18:47] INFO   [3/30] Enriching B07PQFT83F...
[2026-06-21T03:18:49] INFO Downloaded image: amazon_us/B07PQFT83F.jpg (6349 bytes)
[2026-06-21T03:18:49] INFO Inserted: B07PQFT83F - Disney Store Official Buzz Lightyear Interactive T...
[2026-06-21T03:18:49] INFO   [4/30] Enriching B0CLB6VBXV...
[2026-06-21T03:18:52] INFO Downloaded image: amazon_us/B0CLB6VBXV.jpg (9390 bytes)
[2026-06-21T03:18:52] INFO Inserted: B0CLB6VBXV - Gifts for Dad and Fathers - Features 75+ Extra Fun...
[2026-06-21T03:18:52] INFO   [5/30] Enriching B00E4AMFKK...
[2026-06-21T03:18:54] INFO Downloaded image: amazon_us/B00E4AMFKK.jpg (13367 bytes)
[2026-06-21T03:18:54] INFO Inserted: B00E4AMFKK - Bicycle Standard Playing Cards, Standard Poker Siz...
[2026-06-21T03:18:54] INFO   [6/30] Enriching B00Y4QBJAQ...
[2026-06-21T03:18:57] INFO Downloaded image: amazon_us/B00Y4QBJAQ.jpg (10032 bytes)
[2026-06-21T03:18:57] INFO Inserted: B00Y4QBJAQ - Crayola Crayons Bulk (24 Packs), Preschool Classro...
[2026-06-21T03:18:57] INFO   [7/30] Enriching B07GW2QQWN...
[2026-06-21T03:18:59] INFO Downloaded image: amazon_us/B07GW2QQWN.jpg (13238 bytes)
[2026-06-21T03:18:59] INFO Inserted: B07GW2QQWN - Original Bunch O Balloons Multi-Colored 330+ Rapid...
[2026-06-21T03:18:59] INFO   [8/30] Enriching B098PMWSVS...
[2026-06-21T03:19:01] INFO Downloaded image: amazon_us/B098PMWSVS.jpg (13231 bytes)
[2026-06-21T03:19:01] INFO Inserted: B098PMWSVS - CUPKIN Animals Habitat 500+ Kids Sticker Book Todd...
[2026-06-21T03:19:01] INFO   [9/30] Enriching B0829FT44S...
[2026-06-21T03:19:04] INFO Downloaded image: amazon_us/B0829FT44S.jpg (9502 bytes)
[2026-06-21T03:19:04] INFO Inserted: B0829FT44S - 50+ Official Pokemon Cards Collection with 5 Foils...
[2026-06-21T03:19:04] INFO   [10/30] Enriching B0DG2VRFV7...
[2026-06-21T03:19:07] INFO Downloaded image: amazon_us/B0DG2VRFV7.jpg (11714 bytes)
[2026-06-21T03:19:07] INFO Inserted: B0DG2VRFV7 - 30 Pack Squishy Toys, Kawaii Squishies Party Favor...
[2026-06-21T03:19:07] INFO Downloaded image: amazon_us/B0F7M16P52.jpg (4719 bytes)
[2026-06-21T03:19:07] INFO Inserted: B0F7M16P52 - Butter Slow Rising Squishy，Squishy Toy,Dumpling St...
[2026-06-21T03:19:07] INFO Downloaded image: amazon_us/B0G36VXNGX.jpg (12395 bytes)
[2026-06-21T03:19:07] INFO Inserted: B0G36VXNGX - Original Squishmallows™ SLIMYGLOOP Pink Gelli Gels...
[2026-06-21T03:19:08] INFO Downloaded image: amazon_us/B000J3Z7TC.jpg (7700 bytes)
[2026-06-21T03:19:08] INFO Inserted: B000J3Z7TC - Hoyle Waterproof Playing Cards, Clear Plastic Deck...
[2026-06-21T03:19:08] INFO Downloaded image: amazon_us/B00JM5GW10.jpg (8885 bytes)
[2026-06-21T03:19:08] INFO Inserted: B00JM5GW10 - Play Doh Modeling Compound 10-Pack Case of Assorte...
[2026-06-21T03:19:08] INFO Downloaded image: amazon_us/B0GH7H2GZF.jpg (6937 bytes)
[2026-06-21T03:19:08] INFO Inserted: B0GH7H2GZF - Midou Slow Rising Dumpling Squishy Butter Squeeze ...
[2026-06-21T03:19:08] INFO Downloaded image: amazon_us/B08SGH7NKX.jpg (6716 bytes)
[2026-06-21T03:19:08] INFO Inserted: B08SGH7NKX - SEREED Baby Balance Bike for 1 Year Old Boys Girls...
[2026-06-21T03:19:08] INFO Downloaded image: amazon_us/B0B21ZM7LJ.jpg (9000 bytes)
[2026-06-21T03:19:08] INFO Inserted: B0B21ZM7LJ - Infinno Baby Wrist Rattle Socks and Foot Finder Se...
[2026-06-21T03:19:09] INFO Downloaded image: amazon_us/B0BJZRS4KR.jpg (2006 bytes)
[2026-06-21T03:19:09] INFO Inserted: B0BJZRS4KR - 40 Inch Beige Number 1 Balloon for 1st Birthday De...
[2026-06-21T03:19:09] INFO Downloaded image: amazon_us/B0DWGVM7RY.jpg (9302 bytes)
[2026-06-21T03:19:09] INFO Inserted: B0DWGVM7RY - USAOPOLY Flip 7, The Ultimate Blend of Press Your ...
[2026-06-21T03:19:09] INFO Downloaded image: amazon_us/B09PGVGCH5.jpg (10424 bytes)
[2026-06-21T03:19:09] INFO Inserted: B09PGVGCH5 - Horizon Group USA Bluey Aqua Art - Reusable Water ...
[2026-06-21T03:19:09] INFO Downloaded image: amazon_us/B01K1K0K6M.jpg (7816 bytes)
[2026-06-21T03:19:09] INFO Inserted: B01K1K0K6M - Step2 Rain Showers Splash Pond Water Table, Kids W...
[2026-06-21T03:19:09] INFO Downloaded image: amazon_us/B0DQJRSZL1.jpg (8563 bytes)
[2026-06-21T03:19:09] INFO Inserted: B0DQJRSZL1 - Fathers Day Dad Gift for Dad Husband from Daughter...
[2026-06-21T03:19:09] INFO Downloaded image: amazon_us/B09TK9JGRH.jpg (5411 bytes)
[2026-06-21T03:19:09] INFO Inserted: B09TK9JGRH - Little Kids Bubbles by Fubbles | Made in The USA |...
[2026-06-21T03:19:10] INFO Downloaded image: amazon_us/B00N1QPNMA.jpg (12962 bytes)
[2026-06-21T03:19:10] INFO Inserted: B00N1QPNMA - PartySticks Glow Sticks Party Supplies 100pk - 8 I...
[2026-06-21T03:19:10] INFO Downloaded image: amazon_us/B0D9ZTW7PS.jpg (6670 bytes)
[2026-06-21T03:19:10] INFO Inserted: B0D9ZTW7PS - Schylling NeeDoh Nice Ice Baby - Sensory Squeeze T...
[2026-06-21T03:19:10] INFO Downloaded image: amazon_us/B0BKTLNSLG.jpg (11691 bytes)
[2026-06-21T03:19:10] INFO Inserted: B0BKTLNSLG - SLOOSH Inflatable Pool Floats Adult,2 Packs Floati...
[2026-06-21T03:19:10] INFO Downloaded image: amazon_us/B07B6ZN7P8.jpg (11580 bytes)
[2026-06-21T03:19:10] INFO Inserted: B07B6ZN7P8 - LeapFrog Learning Friends 100 Words Book, Green...
[2026-06-21T03:19:10] INFO Downloaded image: amazon_us/B0B1B14DRT.jpg (7773 bytes)
[2026-06-21T03:19:10] INFO Inserted: B0B1B14DRT - RUBFAC White Balloons 129pcs Different Sizes 18 12...
[2026-06-21T03:19:11] INFO Downloaded image: amazon_us/B07MNMT3M7.jpg (11713 bytes)
[2026-06-21T03:19:11] INFO Inserted: B07MNMT3M7 - SplashEZ 3-in-1 Splash Pad, Sprinkler for Kids & B...
[2026-06-21T03:19:11] INFO Downloaded image: amazon_us/B0796JVBJ8.jpg (6459 bytes)
[2026-06-21T03:19:11] INFO Inserted: B0796JVBJ8 - Max Liquidator 6-Pack Water Blaster Set, Multicolo...
[2026-06-21T03:19:11] INFO 
[2026-06-21T03:19:11] INFO ============================================================
[2026-06-21T03:19:11] INFO SCRAPING COMPLETE
[2026-06-21T03:19:11] INFO ============================================================
[2026-06-21T03:19:11] INFO   amazon_br: 30 scraped, 30 inserted, 0 errors
[2026-06-21T03:19:11] INFO   amazon_us: 30 scraped, 30 inserted, 0 errors
[2026-06-21T03:19:11] INFO   TOTAL: 60 scraped, 60 inserted, 0 errors
[2026-06-21T03:19:11] INFO ============================================================
[2026-06-21T03:19:11] INFO Summary saved to /mnt/ssd/arbitlens/data/last_bestsellers_scrape.json
[2026-06-21T03:19:11] INFO ============================================================
[2026-06-21T03:19:11] INFO Amazon Best Sellers Scraper — starting
[2026-06-21T03:19:11] INFO Platform: all
[2026-06-21T03:19:11] INFO Category: garden
[2026-06-21T03:19:11] INFO Dry run: False
[2026-06-21T03:19:11] INFO Enrich: True
[2026-06-21T03:19:11] INFO ============================================================
[2026-06-21T03:19:11] INFO ============================================================
[2026-06-21T03:19:11] INFO Scraping amazon_br / garden: https://www.amazon.com.br/gp/bestsellers/garden
[2026-06-21T03:19:11] INFO ============================================================
[2026-06-21T03:19:14] WARNING 503 on https://www.amazon.com.br/gp/bestsellers/garden (attempt 1/3), retrying...
[2026-06-21T03:19:21] WARNING 503 on https://www.amazon.com.br/gp/bestsellers/garden (attempt 2/3), retrying...
[2026-06-21T03:19:33] WARNING 503 on https://www.amazon.com.br/gp/bestsellers/garden (attempt 3/3), retrying...
[2026-06-21T03:19:48] ERROR Failed after 3 attempts: https://www.amazon.com.br/gp/bestsellers/garden
[2026-06-21T03:19:48] ERROR Failed to fetch best sellers page for garden
[2026-06-21T03:19:48] INFO ============================================================
[2026-06-21T03:19:48] INFO Scraping amazon_us / garden: https://www.amazon.com/Best-Sellers-Garden-Outdoor/zgbs/lawn-and-garden
[2026-06-21T03:19:48] INFO ============================================================
[2026-06-21T03:19:50] INFO Found 0 candidate items in US best sellers HTML
[2026-06-21T03:19:50] INFO Parsed 0 products from garden best sellers
[2026-06-21T03:19:50] WARNING No products found. Saved HTML snippet to /mnt/ssd/arbitlens/logs/debug_amazon_us_garden.html
[2026-06-21T03:19:50] INFO 
[2026-06-21T03:19:50] INFO ============================================================
[2026-06-21T03:19:50] INFO SCRAPING COMPLETE
[2026-06-21T03:19:50] INFO ============================================================
[2026-06-21T03:19:50] INFO   amazon_br: 0 scraped, 0 inserted, 1 errors
[2026-06-21T03:19:50] INFO   amazon_us: 0 scraped, 0 inserted, 1 errors
[2026-06-21T03:19:50] INFO   TOTAL: 0 scraped, 0 inserted, 2 errors
[2026-06-21T03:19:50] INFO ============================================================
[2026-06-21T03:19:50] INFO Summary saved to /mnt/ssd/arbitlens/data/last_bestsellers_scrape.json
[2026-06-21T03:19:51] INFO ============================================================
[2026-06-21T03:19:51] INFO Amazon Best Sellers Scraper — starting
[2026-06-21T03:19:51] INFO Platform: all
[2026-06-21T03:19:51] INFO Category: baby
[2026-06-21T03:19:51] INFO Dry run: False
[2026-06-21T03:19:51] INFO Enrich: True
[2026-06-21T03:19:51] INFO ============================================================
[2026-06-21T03:19:51] INFO ============================================================
[2026-06-21T03:19:51] INFO Scraping amazon_br / baby: https://www.amazon.com.br/gp/bestsellers/baby
[2026-06-21T03:19:51] INFO ============================================================
[2026-06-21T03:19:53] INFO Found 0 candidate items in BR best sellers HTML
[2026-06-21T03:19:53] INFO Parsed 0 products from baby best sellers
[2026-06-21T03:19:53] WARNING No products found. Saved HTML snippet to /mnt/ssd/arbitlens/logs/debug_amazon_br_baby.html
[2026-06-21T03:19:53] INFO ============================================================
[2026-06-21T03:19:53] INFO Scraping amazon_us / baby: https://www.amazon.com/Best-Sellers-Baby/zgbs/baby-products
[2026-06-21T03:19:53] INFO ============================================================
[2026-06-21T03:19:56] INFO Found 30 candidate items in US best sellers HTML
[2026-06-21T03:19:56] INFO Parsed 30 products from baby best sellers
[2026-06-21T03:19:56] INFO   [1/30] Enriching B010OVZO64...
[2026-06-21T03:19:58] INFO Inserted: B010OVZO64 - Pampers Swaddlers Diapers, Size 5 (20-37 lbs), 132...
[2026-06-21T03:19:58] INFO   [2/30] Enriching B07SCL613T...
[2026-06-21T03:20:01] INFO Downloaded image: amazon_us/B07SCL613T.jpg (9715 bytes)
[2026-06-21T03:20:01] INFO Inserted: B07SCL613T - Huggies Natural Care Sensitive Baby Wipes, Unscent...
[2026-06-21T03:20:01] INFO   [3/30] Enriching B079V67BFW...
[2026-06-21T03:20:03] INFO Downloaded image: amazon_us/B079V67BFW.jpg (8978 bytes)
[2026-06-21T03:20:03] INFO Inserted: B079V67BFW - Pampers Sensitive Baby Wipes, Clinically Proven, F...
[2026-06-21T03:20:03] INFO   [4/30] Enriching B086LKQDJG...
[2026-06-21T03:20:05] INFO Downloaded image: amazon_us/B086LKQDJG.jpg (11861 bytes)
[2026-06-21T03:20:05] INFO Inserted: B086LKQDJG - The Honest Company Baby Wipes for Sensitive Skin, ...
[2026-06-21T03:20:05] INFO   [5/30] Enriching B07M6FL57T...
[2026-06-21T03:20:08] INFO Downloaded image: amazon_us/B07M6FL57T.jpg (11612 bytes)
[2026-06-21T03:20:08] INFO Inserted: B07M6FL57T - Huggies Size Newborn Diapers, Little Snugglers Bab...
[2026-06-21T03:20:09] INFO   [6/30] Enriching B008KJEYLO...
[2026-06-21T03:20:11] INFO Downloaded image: amazon_us/B008KJEYLO.jpg (10271 bytes)
[2026-06-21T03:20:11] INFO Inserted: B008KJEYLO - WaterWipes Sensitive+ Newborn & Baby Wipes, 3-In-1...
[2026-06-21T03:20:11] INFO   [7/30] Enriching B0795WF49L...
[2026-06-21T03:20:14] INFO Downloaded image: amazon_us/B0795WF49L.jpg (11257 bytes)
[2026-06-21T03:20:14] INFO Inserted: B0795WF49L - Pampers Swim Diapers - Splashers - Size 4, 18 Coun...
[2026-06-21T03:20:14] INFO   [8/30] Enriching B08QRKY3NJ...
[2026-06-21T03:20:17] INFO Downloaded image: amazon_us/B08QRKY3NJ.jpg (11576 bytes)
[2026-06-21T03:20:17] INFO Inserted: B08QRKY3NJ - Huggies Simply Clean Unscented Baby Diaper Wipes, ...
[2026-06-21T03:20:17] INFO   [9/30] Enriching B0DKYWMHDX...
[2026-06-21T03:20:19] INFO Downloaded image: amazon_us/B0DKYWMHDX.jpg (12487 bytes)
[2026-06-21T03:20:19] INFO Inserted: B0DKYWMHDX - Huggies Size 5 Diapers, Little Movers Baby Diapers...
[2026-06-21T03:20:19] INFO   [10/30] Enriching B00ZQXT4EY...
[2026-06-21T03:20:22] INFO Downloaded image: amazon_us/B00ZQXT4EY.jpg (9287 bytes)
[2026-06-21T03:20:22] INFO Inserted: B00ZQXT4EY - Desitin Maximum Strength Paste, 40% Zinc Oxide Pas...
[2026-06-21T03:20:22] INFO Downloaded image: amazon_us/B08PX2V7PG.jpg (9822 bytes)
[2026-06-21T03:20:22] INFO Inserted: B08PX2V7PG - Pampers Diapers - Cruisers 360 - Size 5, 128 Count...
[2026-06-21T03:20:23] INFO Downloaded image: amazon_us/B072QXWXS6.jpg (3119 bytes)
[2026-06-21T03:20:23] INFO Inserted: B072QXWXS6 - The Honest Company 2-in-1 Baby Shampoo & Body Wash...
[2026-06-21T03:20:23] INFO Downloaded image: amazon_us/B015XBYDLM.jpg (8200 bytes)
[2026-06-21T03:20:23] INFO Inserted: B015XBYDLM - Dr. Brown’s Natural Flow Level 2 Narrow Baby Bottl...
[2026-06-21T03:20:23] INFO Downloaded image: amazon_us/B078W9SH24.jpg (11917 bytes)
[2026-06-21T03:20:23] INFO Inserted: B078W9SH24 - Pampers Training Pants - Easy Ups Boys & Girls Blu...
[2026-06-21T03:20:23] INFO Downloaded image: amazon_us/B00394DQGO.jpg (11869 bytes)
[2026-06-21T03:20:23] INFO Inserted: B00394DQGO - Huggies Little Swimmers Disposable Swim Diapers, S...
[2026-06-21T03:20:23] INFO Downloaded image: amazon_us/B0BKQDPP1Z.jpg (7584 bytes)
[2026-06-21T03:20:23] INFO Inserted: B0BKQDPP1Z - Gaiatop Mini Portable Stroller Fan, Battery Operat...
[2026-06-21T03:20:24] INFO Downloaded image: amazon_us/B0DF1FDKR4.jpg (6059 bytes)
[2026-06-21T03:20:24] INFO Inserted: B0DF1FDKR4 - Momcozy Official Washing Block for Momcozy KleanPa...
[2026-06-21T03:20:24] INFO Downloaded image: amazon_us/B00TJ6WLV2.jpg (11139 bytes)
[2026-06-21T03:20:24] INFO Inserted: B00TJ6WLV2 - Pampers Diapers - Baby Dry - Size 1, 120 Count, Ab...
[2026-06-21T03:20:24] INFO Downloaded image: amazon_us/B07XCVWZ51.jpg (11822 bytes)
[2026-06-21T03:20:24] INFO Inserted: B07XCVWZ51 - Pull-Ups Boys' Potty Training Pants, Size 3T-4T Tr...
[2026-06-21T03:20:24] INFO Downloaded image: amazon_us/B07SXBX1DM.jpg (9549 bytes)
[2026-06-21T03:20:24] INFO Inserted: B07SXBX1DM - Amazon Brand - Mama Bear Gentle Touch Baby Diapers...
[2026-06-21T03:20:24] INFO Downloaded image: amazon_us/B00BKL4KKY.jpg (14269 bytes)
[2026-06-21T03:20:24] INFO Inserted: B00BKL4KKY - Orgain Organic Kids Nutritional Dairy Protein Shak...
[2026-06-21T03:20:24] INFO Downloaded image: amazon_us/B09ZLL7MRQ.jpg (16292 bytes)
[2026-06-21T03:20:24] INFO Inserted: B09ZLL7MRQ - Amazon Elements Baby Wipes, Sensitive, 810 Count F...
[2026-06-21T03:20:25] INFO Downloaded image: amazon_us/B0DFRHY91R.jpg (11174 bytes)
[2026-06-21T03:20:25] INFO Inserted: B0DFRHY91R - Huggies Size 4 Diapers, Snug & Dry Baby Diapers, S...
[2026-06-21T03:20:25] INFO Downloaded image: amazon_us/B08QS2KQ3F.jpg (12046 bytes)
[2026-06-21T03:20:25] INFO Inserted: B08QS2KQ3F - Huggies Overnites Size 5 Overnight Diapers (27+ lb...
[2026-06-21T03:20:25] INFO Downloaded image: amazon_us/B0DQTHVDJZ.jpg (7742 bytes)
[2026-06-21T03:20:25] INFO Inserted: B0DQTHVDJZ - Zak Designs Disney Minnie Mouse Kelso Toddler Cups...
[2026-06-21T03:20:25] INFO Downloaded image: amazon_us/B0BJ14XCDV.jpg (11025 bytes)
[2026-06-21T03:20:25] INFO Inserted: B0BJ14XCDV - Pampers ZZZ Overnight Diapers, Size 7 (41+ lbs), 3...
[2026-06-21T03:20:25] INFO Downloaded image: amazon_us/B09MG3MW3H.jpg (3538 bytes)
[2026-06-21T03:20:25] INFO Inserted: B09MG3MW3H - Love to Dream Swaddle UP Self-Soothing Sleep Sack,...
[2026-06-21T03:20:25] INFO Downloaded image: amazon_us/B09JL8D41T.jpg (3926 bytes)
[2026-06-21T03:20:25] INFO Inserted: B09JL8D41T - Cetaphil Baby Shampoo and Body Wash with Organic C...
[2026-06-21T03:20:26] INFO Downloaded image: amazon_us/B0C54CYDS3.jpg (4812 bytes)
[2026-06-21T03:20:26] INFO Inserted: B0C54CYDS3 - Dr. Brown's Milestones Baby's First Straw Cup, Tra...
[2026-06-21T03:20:26] INFO Downloaded image: amazon_us/B011EVPAHG.jpg (5862 bytes)
[2026-06-21T03:20:26] INFO Inserted: B011EVPAHG - MYLICON Infants Gas Relief Drops for Infants and B...
[2026-06-21T03:20:26] INFO 
[2026-06-21T03:20:26] INFO ============================================================
[2026-06-21T03:20:26] INFO SCRAPING COMPLETE
[2026-06-21T03:20:26] INFO ============================================================
[2026-06-21T03:20:26] INFO   amazon_br: 0 scraped, 0 inserted, 1 errors
[2026-06-21T03:20:26] INFO   amazon_us: 30 scraped, 30 inserted, 0 errors
[2026-06-21T03:20:26] INFO   TOTAL: 30 scraped, 30 inserted, 1 errors
[2026-06-21T03:20:26] INFO ============================================================
[2026-06-21T03:20:26] INFO Summary saved to /mnt/ssd/arbitlens/data/last_bestsellers_scrape.json
[2026-06-22T14:49:02] INFO Delay override: 4.0s
[2026-06-22T14:49:02] INFO Rate limit override: 3 req/min
[2026-06-22T14:49:02] INFO ============================================================
[2026-06-22T14:49:02] INFO Amazon Best Sellers Scraper — starting
[2026-06-22T14:49:02] INFO Platform: amazon_br
[2026-06-22T14:49:02] INFO Category: beauty
[2026-06-22T14:49:02] INFO Dry run: False
[2026-06-22T14:49:02] INFO Enrich: False
[2026-06-22T14:49:02] INFO SU fallback: ON
[2026-06-22T14:49:02] INFO Delay: 4.0s | Rate limit: 3 req/min
[2026-06-22T14:49:02] INFO ============================================================
[2026-06-22T14:49:02] INFO ============================================================
[2026-06-22T14:49:02] INFO Scraping amazon_br / beauty: https://www.amazon.com.br/gp/bestsellers/beauty
[2026-06-22T14:49:02] INFO ============================================================
[2026-06-22T14:49:07] WARNING 503 on https://www.amazon.com.br/gp/bestsellers/beauty (attempt 1/3)
[2026-06-22T14:49:17] INFO Found 30 candidate items in BR best sellers HTML
[2026-06-22T14:49:17] INFO Parsed 30 products from beauty best sellers
[2026-06-22T14:49:17] INFO Updated: B07H113TPQ - L'Oréal Paris Elseve Óleo Extraordinário Finalizad...
[2026-06-22T14:49:17] INFO Updated: B072MK7BN2 - La Roche-Posay Cicaplast Baume B5+ Cuidado Multirr...
[2026-06-22T14:49:17] INFO Updated: B0D8RHX3C6 - Dove Sérum Hidratante Corporal Niacinamida + Unifo...
[2026-06-22T14:49:17] INFO Updated: B0DP82WCWS - Garnier, Gel Creme Hidratante Facial Antimanchas T...
[2026-06-22T14:49:18] INFO Updated: B07RK4HST7 - CeraVe, Loção Hidratante Corporal, com textura Flu...
[2026-06-22T14:49:18] INFO Updated: B07SBXMSGB - Argan Óleo Reparador 50ml , Lola Cosmetics...
[2026-06-22T14:49:18] INFO Updated: B00XDX9JJY - NIVEA Sabonete Líquido Óleo de Banho 200ml, Limpez...
[2026-06-22T14:49:18] INFO Updated: B0DPB55MCY - Bepantol Derma Rosa Mosqueta, Pele Normal a Seca, ...
[2026-06-22T14:49:18] INFO Updated: B0DC74428B - Dove Óleo de Banho Hidratação Intensa e Limpeza De...
[2026-06-22T14:49:18] INFO Updated: B0G3YGYW4Z - Elseve Collagen Lifter Leave-in Sérum Capilar Para...
[2026-06-22T14:49:18] INFO Updated: B00N6AKNQW - Kit Sabonete, PHEBO, Amarelo, 720g...
[2026-06-22T14:49:18] INFO Updated: B07Y2BK4GJ - Neostrata Minesol Protetor Solar Facial Oil Contro...
[2026-06-22T14:49:18] INFO Updated: B07LFFGZ93 - Dove Sabonete em Barra Original 90g 6 Unidades...
[2026-06-22T14:49:19] INFO Updated: B077BY5B8Q - Maybelline NY The Colossal Volum' Express, Máscara...
[2026-06-22T14:49:19] INFO Updated: B08NVMP2YZ - Neutrogena Sun Fresh Protetor Solar Facial Derm Ca...
[2026-06-22T14:49:19] INFO Updated: B07R2DDVVG - EUCERIN Pomada Reparadora Aquaphor Duopack 10ml, H...
[2026-06-22T14:49:19] INFO Updated: B0CVXT2K1S - Pantene Pro-V Miracles Óleo Capilar Milagroso Quer...
[2026-06-22T14:49:19] INFO Updated: B0FBDLYLSZ - Creme Hidratante Facial 5% Manteiga de Karité + 5%...
[2026-06-22T14:49:19] INFO Updated: B0CB716LLZ - Neutrogena Hidratante Facial Hydro Boost Water Gel...
[2026-06-22T14:49:19] INFO Updated: B0G45KPX15 - Elseve Collagen Lifter Máscara de Tratamento Condi...
[2026-06-22T14:49:19] INFO Updated: B074LTNQBP - Morte Súbita Máscara Super Hidratante 450g , Lola ...
[2026-06-22T14:49:20] INFO Updated: B079VXJK79 - Cetaphil Creme Hidratante...
[2026-06-22T14:49:20] INFO Updated: B09GHN14FP - Danos Vorazes Óleo Reparador 50ml , Lola Cosmetics...
[2026-06-22T14:49:20] INFO Updated: B0CTR4FL63 - Protetor Solar Facial 16,5% Mix de Filtros UV + 5%...
[2026-06-22T14:49:20] INFO Updated: B0DJCFN5D9 - Creme Crocante Ovomaltine Pote 260g...
[2026-06-22T14:49:20] INFO Updated: B074LVMLNG - Lola Cosmetics Rapunzel - Tônico Capilar 230ml...
[2026-06-22T14:49:20] INFO Downloaded image: amazon_br/B07Y38NFPS.jpg (4365 bytes)
[2026-06-22T14:49:20] INFO Inserted: B07Y38NFPS - Bepantol Derma Toque Seco, Pele Normal a Seca, Hid...
[2026-06-22T14:49:20] INFO Updated: B07Y2C1PWG - La Roche-posay Effaclar Gel Alta Tolerância. Limpe...
[2026-06-22T14:49:20] INFO Updated: B0DK4975DJ - NIVEA Kit Loção Hidratante Milk Pele Seca a Extras...
[2026-06-22T14:49:21] INFO Downloaded image: amazon_br/B07ZD6R4QK.jpg (2989 bytes)
[2026-06-22T14:49:21] INFO Inserted: B07ZD6R4QK - Hada Labo® Gokujyun Oil Cleasing - Óleo de limpeza...
[2026-06-22T14:49:21] INFO 
[2026-06-22T14:49:21] INFO ============================================================
[2026-06-22T14:49:21] INFO SCRAPING COMPLETE
[2026-06-22T14:49:21] INFO ============================================================
[2026-06-22T14:49:21] INFO   amazon_br: 30 scraped, 30 inserted, 0 errors
[2026-06-22T14:49:21] INFO   TOTAL: 30 scraped, 30 inserted, 0 errors
[2026-06-22T14:49:21] INFO ============================================================
[2026-06-22T14:49:21] INFO Summary saved to /mnt/ssd/arbitlens/data/last_bestsellers_scrape.json
[2026-06-22T15:30:04] INFO Delay override: 5.0s
[2026-06-22T15:30:04] INFO Rate limit override: 4 req/min
[2026-06-22T15:30:04] INFO ============================================================
[2026-06-22T15:30:04] INFO Amazon Best Sellers Scraper — starting
[2026-06-22T15:30:04] INFO Platform: amazon_br
[2026-06-22T15:30:04] INFO Category: toys
[2026-06-22T15:30:04] INFO Dry run: False
[2026-06-22T15:30:04] INFO Enrich: False
[2026-06-22T15:30:04] INFO SU fallback: ON
[2026-06-22T15:30:04] INFO Delay: 5.0s | Rate limit: 4 req/min
[2026-06-22T15:30:04] INFO ============================================================
[2026-06-22T15:30:04] INFO ============================================================
[2026-06-22T15:30:04] INFO Scraping amazon_br / toys: https://www.amazon.com.br/gp/bestsellers/toys
[2026-06-22T15:30:04] INFO ============================================================
[2026-06-22T15:30:10] INFO Found 30 candidate items in BR best sellers HTML
[2026-06-22T15:30:10] INFO Parsed 30 products from toys best sellers
[2026-06-22T15:30:11] INFO Updated: B000J445XA - DAS, Massa para Modelar, Branco, 500g...
[2026-06-22T15:30:11] INFO Updated: B0CBNR2ML6 - UNO Jogo de Cartas No Mercy 7 anos...
[2026-06-22T15:30:11] INFO Updated: B07LHC55HY - Pais & Filhos - Caiu Perdeu, 54 Pçs, idade mínima ...
[2026-06-22T15:30:11] INFO Updated: 6555005904 - Fisher-Price - Meu livrão de colorir...
[2026-06-22T15:30:11] INFO Updated: B0GP2QPHQ8 - Pokémon TCG, Blister Triplo Pokémon Makuhita ME03 ...
[2026-06-22T15:30:11] INFO Updated: B0CRZC7GRL - Buba, Chocalho Com Mordedor Coelhinho...
[2026-06-22T15:30:11] INFO Updated: B09Q85ZBT2 - GGB Plast Mini Cofre Infantil Colorido...
[2026-06-22T15:30:11] INFO Updated: 8538060872 - Minhas 100 Primeiras Palavras...
[2026-06-22T15:30:12] INFO Updated: B07PDGL5X4 - MeepleBR Sleeves - PADRÃO (63,5x88mm), 100 Unidade...
[2026-06-22T15:30:12] INFO Updated: 6555122072 - Jujutsu kaisen: batalha de feiticeiros vol. 1...
[2026-06-22T15:30:12] INFO Updated: B0DFFTP71B - Bicicleta De Equilibrio Buba, 4 Rodas...
[2026-06-22T15:30:12] INFO Updated: 6555009977 - Fisher-Price - Procurar e encontrar: Animais diver...
[2026-06-22T15:30:12] INFO Updated: B0GP2J4W78 - Pokémon TCG, Blister Quadrúplo Pokémon Chikorita M...
[2026-06-22T15:30:12] INFO Updated: B075QRWRYP - LEGO Classic ─ 10713 Maleta da Criatividade ─ Kit ...
[2026-06-22T15:30:12] INFO Updated: B077Q7D2QX - Utiguti Massa de Modelar Soft Estojo com 12 Cores ...
[2026-06-22T15:30:12] INFO Updated: B085B2DMMK - Marvel, Action Figure, Hulk, Mighty Hero Series - ...
[2026-06-22T15:30:13] INFO Updated: B07M9233QG - Fisher-Price Brinquedo para Bebês Pirâmide de Argo...
[2026-06-22T15:30:13] INFO Updated: B09SVRB79R - Play-Doh, Massinha de Modelar Infantil, Mini Sorve...
[2026-06-22T15:30:13] INFO Updated: B09Q815JZ1 - Kit com 8 Apitos, GGB Plast...
[2026-06-22T15:30:13] INFO Updated: B0784DTZ33 - GIOTTO Tempera Guache, Tinta Guache em Pote de 15m...
[2026-06-22T15:30:13] INFO Updated: B000GKUEVE - Pacote 5 Carros Sortidos, Hot Wheels, Mattel, Mult...
[2026-06-22T15:30:13] INFO Updated: B0DHLHWZT7 - LEGO Speed Champions Carro de Corrida Ferrari SF-2...
[2026-06-22T15:30:13] INFO Updated: B0C7LVR36H - Cade 54 Cartas...
[2026-06-22T15:30:13] INFO Updated: B0CQTNGCF9 - Play-Doh, Massinha de Modelar Infantil, Smoothies ...
[2026-06-22T15:30:14] INFO Downloaded image: amazon_br/B078WYFJ9Z.jpg (11684 bytes)
[2026-06-22T15:30:14] INFO Inserted: B078WYFJ9Z - Massa Modelar, Tris, Multicor, 1 pacote com 12 mas...
[2026-06-22T15:30:14] INFO Updated: B09SVT8LM9 - Play-Doh, Massinha de Modelar Infantil, Brincando ...
[2026-06-22T15:30:14] INFO Updated: B0CN9KP7VZ - Massinha de Modelar, Fofa, 06 Cores, 90 g, Make+...
[2026-06-22T15:30:14] INFO Updated: B0778T3SRK - BIC, Lápis de Cor Sextavado, Evolution, 24 Cores...
[2026-06-22T15:30:14] INFO Updated: B0DJ19R8H7 - LEGO Minecraft A Batalha de Lava no Nether 21266...
[2026-06-22T15:30:14] INFO Downloaded image: amazon_br/B01N6NOAFR.jpg (5773 bytes)
[2026-06-22T15:30:14] INFO Inserted: B01N6NOAFR - Cubo Mágico Profissional Cuber Pro 3 Color 3x3...
[2026-06-22T15:30:14] INFO 
[2026-06-22T15:30:14] INFO ============================================================
[2026-06-22T15:30:14] INFO SCRAPING COMPLETE
[2026-06-22T15:30:14] INFO ============================================================
[2026-06-22T15:30:14] INFO   amazon_br: 30 scraped, 30 inserted, 0 errors
[2026-06-22T15:30:14] INFO   TOTAL: 30 scraped, 30 inserted, 0 errors
[2026-06-22T15:30:14] INFO ============================================================
[2026-06-22T15:30:14] INFO Summary saved to /mnt/ssd/arbitlens/data/last_bestsellers_scrape.json
[2026-06-22T15:30:21] INFO Delay override: 5.0s
[2026-06-22T15:30:21] INFO Rate limit override: 4 req/min
[2026-06-22T15:30:21] INFO ============================================================
[2026-06-22T15:30:21] INFO Amazon Best Sellers Scraper — starting
[2026-06-22T15:30:21] INFO Platform: amazon_br
[2026-06-22T15:30:21] INFO Category: toys
[2026-06-22T15:30:21] INFO Dry run: False
[2026-06-22T15:30:21] INFO Enrich: False
[2026-06-22T15:30:21] INFO SU fallback: ON
[2026-06-22T15:30:21] INFO Delay: 5.0s | Rate limit: 4 req/min
[2026-06-22T15:30:21] INFO ============================================================
[2026-06-22T15:30:21] INFO ============================================================
[2026-06-22T15:30:21] INFO Scraping amazon_br / toys: https://www.amazon.com.br/gp/bestsellers/toys
[2026-06-22T15:30:21] INFO ============================================================
[2026-06-22T15:30:28] INFO Found 30 candidate items in BR best sellers HTML
[2026-06-22T15:30:28] INFO Parsed 30 products from toys best sellers
[2026-06-22T15:30:28] INFO Updated: B000J445XA - DAS, Massa para Modelar, Branco, 500g...
[2026-06-22T15:30:28] INFO Updated: B0CBNR2ML6 - UNO Jogo de Cartas No Mercy 7 anos...
[2026-06-22T15:30:28] INFO Updated: B07LHC55HY - Pais & Filhos - Caiu Perdeu, 54 Pçs, idade mínima ...
[2026-06-22T15:30:28] INFO Updated: 6555005904 - Fisher-Price - Meu livrão de colorir...
[2026-06-22T15:30:29] INFO Updated: B0GP2QPHQ8 - Pokémon TCG, Blister Triplo Pokémon Makuhita ME03 ...
[2026-06-22T15:30:29] INFO Updated: B0CRZC7GRL - Buba, Chocalho Com Mordedor Coelhinho...
[2026-06-22T15:30:29] INFO Updated: B09Q85ZBT2 - GGB Plast Mini Cofre Infantil Colorido...
[2026-06-22T15:30:29] INFO Updated: 8538060872 - Minhas 100 Primeiras Palavras...
[2026-06-22T15:30:29] INFO Updated: B07PDGL5X4 - MeepleBR Sleeves - PADRÃO (63,5x88mm), 100 Unidade...
[2026-06-22T15:30:29] INFO Updated: 6555122072 - Jujutsu kaisen: batalha de feiticeiros vol. 1...
[2026-06-22T15:30:29] INFO Updated: B0DFFTP71B - Bicicleta De Equilibrio Buba, 4 Rodas...
[2026-06-22T15:30:29] INFO Updated: 6555009977 - Fisher-Price - Procurar e encontrar: Animais diver...
[2026-06-22T15:30:29] INFO Updated: B0GP2J4W78 - Pokémon TCG, Blister Quadrúplo Pokémon Chikorita M...
[2026-06-22T15:30:29] INFO Updated: B075QRWRYP - LEGO Classic ─ 10713 Maleta da Criatividade ─ Kit ...
[2026-06-22T15:30:30] INFO Updated: B077Q7D2QX - Utiguti Massa de Modelar Soft Estojo com 12 Cores ...
[2026-06-22T15:30:30] INFO Updated: B085B2DMMK - Marvel, Action Figure, Hulk, Mighty Hero Series - ...
[2026-06-22T15:30:30] INFO Updated: B07M9233QG - Fisher-Price Brinquedo para Bebês Pirâmide de Argo...
[2026-06-22T15:30:30] INFO Updated: B09SVRB79R - Play-Doh, Massinha de Modelar Infantil, Mini Sorve...
[2026-06-22T15:30:30] INFO Updated: B09Q815JZ1 - Kit com 8 Apitos, GGB Plast...
[2026-06-22T15:30:30] INFO Updated: B0784DTZ33 - GIOTTO Tempera Guache, Tinta Guache em Pote de 15m...
[2026-06-22T15:30:30] INFO Updated: B000GKUEVE - Pacote 5 Carros Sortidos, Hot Wheels, Mattel, Mult...
[2026-06-22T15:30:30] INFO Updated: B0DHLHWZT7 - LEGO Speed Champions Carro de Corrida Ferrari SF-2...
[2026-06-22T15:30:30] INFO Updated: B0C7LVR36H - Cade 54 Cartas...
[2026-06-22T15:30:31] INFO Updated: B0CQTNGCF9 - Play-Doh, Massinha de Modelar Infantil, Smoothies ...
[2026-06-22T15:30:31] INFO Updated: B078WYFJ9Z - Massa Modelar, Tris, Multicor, 1 pacote com 12 mas...
[2026-06-22T15:30:31] INFO Updated: B09SVT8LM9 - Play-Doh, Massinha de Modelar Infantil, Brincando ...
[2026-06-22T15:30:31] INFO Updated: B0CN9KP7VZ - Massinha de Modelar, Fofa, 06 Cores, 90 g, Make+...
[2026-06-22T15:30:31] INFO Updated: B0778T3SRK - BIC, Lápis de Cor Sextavado, Evolution, 24 Cores...
[2026-06-22T15:30:31] INFO Updated: B0DJ19R8H7 - LEGO Minecraft A Batalha de Lava no Nether 21266...
[2026-06-22T15:30:31] INFO Updated: B01N6NOAFR - Cubo Mágico Profissional Cuber Pro 3 Color 3x3...
[2026-06-22T15:30:31] INFO 
[2026-06-22T15:30:31] INFO ============================================================
[2026-06-22T15:30:31] INFO SCRAPING COMPLETE
[2026-06-22T15:30:31] INFO ============================================================
[2026-06-22T15:30:31] INFO   amazon_br: 30 scraped, 30 inserted, 0 errors
[2026-06-22T15:30:31] INFO   TOTAL: 30 scraped, 30 inserted, 0 errors
[2026-06-22T15:30:31] INFO ============================================================
[2026-06-22T15:30:31] INFO Summary saved to /mnt/ssd/arbitlens/data/last_bestsellers_scrape.json
[2026-06-22T16:55:09] INFO Delay override: 5.0s
[2026-06-22T16:55:09] INFO Rate limit override: 4 req/min
[2026-06-22T16:55:09] INFO ============================================================
[2026-06-22T16:55:09] INFO Amazon Best Sellers Scraper — starting
[2026-06-22T16:55:09] INFO Platform: amazon_br
[2026-06-22T16:55:09] INFO Category: pet_supplies
[2026-06-22T16:55:09] INFO Dry run: False
[2026-06-22T16:55:09] INFO Enrich: False
[2026-06-22T16:55:09] INFO SU fallback: ON
[2026-06-22T16:55:09] INFO Delay: 5.0s | Rate limit: 4 req/min
[2026-06-22T16:55:09] INFO ============================================================
[2026-06-22T16:55:09] INFO ============================================================
[2026-06-22T16:55:09] INFO Scraping amazon_br / pet_supplies: https://www.amazon.com.br/gp/bestsellers/pet-supplies
[2026-06-22T16:55:09] INFO ============================================================
[2026-06-22T16:55:14] WARNING 503 on https://www.amazon.com.br/gp/bestsellers/pet-supplies (attempt 1/3)
[2026-06-22T16:55:25] INFO Found 0 candidate items in BR best sellers HTML
[2026-06-22T16:55:25] INFO Parsed 0 products from pet_supplies best sellers
[2026-06-22T16:55:25] WARNING No products found. Saved HTML snippet to /mnt/ssd/arbitlens/logs/debug_amazon_br_pet_supplies.html
[2026-06-22T16:55:25] INFO 
[2026-06-22T16:55:25] INFO ============================================================
[2026-06-22T16:55:25] INFO SCRAPING COMPLETE
[2026-06-22T16:55:25] INFO ============================================================
[2026-06-22T16:55:25] INFO   amazon_br: 0 scraped, 0 inserted, 1 errors
[2026-06-22T16:55:25] INFO   TOTAL: 0 scraped, 0 inserted, 1 errors
[2026-06-22T16:55:25] INFO ============================================================
[2026-06-22T16:55:25] INFO Summary saved to /mnt/ssd/arbitlens/data/last_bestsellers_scrape.json
[2026-06-22T16:55:33] INFO Delay override: 5.0s
[2026-06-22T16:55:33] INFO Rate limit override: 4 req/min
[2026-06-22T16:55:33] INFO ============================================================
[2026-06-22T16:55:33] INFO Amazon Best Sellers Scraper — starting
[2026-06-22T16:55:33] INFO Platform: amazon_br
[2026-06-22T16:55:33] INFO Category: backpacks
[2026-06-22T16:55:33] INFO Dry run: False
[2026-06-22T16:55:33] INFO Enrich: False
[2026-06-22T16:55:33] INFO SU fallback: ON
[2026-06-22T16:55:33] INFO Delay: 5.0s | Rate limit: 4 req/min
[2026-06-22T16:55:33] INFO ============================================================
[2026-06-22T16:55:33] INFO ============================================================
[2026-06-22T16:55:33] INFO Scraping amazon_br / backpacks: https://www.amazon.com.br/gp/bestsellers/luggage
[2026-06-22T16:55:33] INFO ============================================================
[2026-06-22T16:55:38] WARNING 503 on https://www.amazon.com.br/gp/bestsellers/luggage (attempt 1/3)
[2026-06-22T16:55:49] WARNING 503 on https://www.amazon.com.br/gp/bestsellers/luggage (attempt 2/3)
[2026-06-22T16:56:04] INFO Found 0 candidate items in BR best sellers HTML
[2026-06-22T16:56:04] INFO Parsed 0 products from backpacks best sellers
[2026-06-22T16:56:04] WARNING No products found. Saved HTML snippet to /mnt/ssd/arbitlens/logs/debug_amazon_br_backpacks.html
[2026-06-22T16:56:04] INFO 
[2026-06-22T16:56:04] INFO ============================================================
[2026-06-22T16:56:04] INFO SCRAPING COMPLETE
[2026-06-22T16:56:04] INFO ============================================================
[2026-06-22T16:56:04] INFO   amazon_br: 0 scraped, 0 inserted, 1 errors
[2026-06-22T16:56:04] INFO   TOTAL: 0 scraped, 0 inserted, 1 errors
[2026-06-22T16:56:04] INFO ============================================================
[2026-06-22T16:56:04] INFO Summary saved to /mnt/ssd/arbitlens/data/last_bestsellers_scrape.json
[2026-06-22T16:56:05] INFO Delay override: 5.0s
[2026-06-22T16:56:05] INFO Rate limit override: 4 req/min
[2026-06-22T16:56:05] INFO ============================================================
[2026-06-22T16:56:05] INFO Amazon Best Sellers Scraper — starting
[2026-06-22T16:56:05] INFO Platform: amazon_br
[2026-06-22T16:56:05] INFO Category: kitchen
[2026-06-22T16:56:05] INFO Dry run: False
[2026-06-22T16:56:05] INFO Enrich: False
[2026-06-22T16:56:05] INFO SU fallback: ON
[2026-06-22T16:56:05] INFO Delay: 5.0s | Rate limit: 4 req/min
[2026-06-22T16:56:05] INFO ============================================================
[2026-06-22T16:56:05] INFO ============================================================
[2026-06-22T16:56:05] INFO Scraping amazon_br / kitchen: https://www.amazon.com.br/gp/bestsellers/kitchen
[2026-06-22T16:56:05] INFO ============================================================
[2026-06-22T16:56:10] WARNING 503 on https://www.amazon.com.br/gp/bestsellers/kitchen (attempt 1/3)
[2026-06-22T16:56:21] INFO Found 30 candidate items in BR best sellers HTML
[2026-06-22T16:56:21] INFO Parsed 30 products from kitchen best sellers
[2026-06-22T16:56:23] INFO Downloaded image: amazon_br/B0F256HPZJ.jpg (2408 bytes)
[2026-06-22T16:56:23] INFO Updated: B0F256HPZJ - Filtro/Refil Original de Água Acqua Pure para Puri...
[2026-06-22T16:56:23] INFO Downloaded image: amazon_br/B0CDJ4L7CZ.jpg (6097 bytes)
[2026-06-22T16:56:23] INFO Updated: B0CDJ4L7CZ - Sanduicheira Elétrica Cadence Click - 127V...
[2026-06-22T16:56:24] INFO Downloaded image: amazon_br/B0DCKDXPV6.jpg (4925 bytes)
[2026-06-22T16:56:24] INFO Inserted: B0DCKDXPV6 - Mixer Power Inox 3 em 1 600W Elgin Lunar 220V - Mi...
[2026-06-22T16:56:24] INFO Downloaded image: amazon_br/B076BB2NCN.jpg (6679 bytes)
[2026-06-22T16:56:24] INFO Updated: B076BB2NCN - Pipoqueira, Pop Time, Branco, 127V, Britânia...
[2026-06-22T16:56:24] INFO Downloaded image: amazon_br/B07QK91PTZ.jpg (5801 bytes)
[2026-06-22T16:56:24] INFO Updated: B07QK91PTZ - MONDIAL Liquidificador Turbo Power, Preto, 550W, 2...
[2026-06-22T16:56:24] INFO Downloaded image: amazon_br/B09W4CSX53.jpg (6077 bytes)
[2026-06-22T16:56:24] INFO Inserted: B09W4CSX53 - Tramontina PIPOQUEIRA 20CM 3,5L LORETO VERMELHO - ...
[2026-06-22T16:56:24] INFO Downloaded image: amazon_br/B08DFCF9HW.jpg (4575 bytes)
[2026-06-22T16:56:24] INFO Updated: B08DFCF9HW - Liquidificador 1400 Full Oster Preto 3,2L - 127V...
[2026-06-22T16:56:25] INFO Downloaded image: amazon_br/B076FGHHNG.jpg (6476 bytes)
[2026-06-22T16:56:25] INFO Updated: B076FGHHNG - MONDIAL Espremedor Premium, Preto, 30W, 220V - E-0...
[2026-06-22T16:56:25] INFO Downloaded image: amazon_br/B0DY2FPRJD.jpg (4372 bytes)
[2026-06-22T16:56:25] INFO Updated: B0DY2FPRJD - Air Fryer Philco 4L Revestimento Redstone 1500W PA...
[2026-06-22T16:56:25] INFO Downloaded image: amazon_br/B09GKSWN8T.jpg (5110 bytes)
[2026-06-22T16:56:25] INFO Inserted: B09GKSWN8T - Chaleira Elétrica Elgin Cha10 1,8L Sem Fio com Des...
[2026-06-22T16:56:25] INFO Downloaded image: amazon_br/B0CN1L7B18.jpg (7301 bytes)
[2026-06-22T16:56:25] INFO Inserted: B0CN1L7B18 - Dolce Gusto Mochaccino Em Cápsula Avelã Nescafé Ca...
[2026-06-22T16:56:25] INFO Downloaded image: amazon_br/B0GYSBW68G.jpg (5563 bytes)
[2026-06-22T16:56:25] INFO Inserted: B0GYSBW68G - Chaleira Elétrica Inox 1,8 Litro (110v)...
[2026-06-22T16:56:26] INFO Downloaded image: amazon_br/B0D98VK8PP.jpg (4636 bytes)
[2026-06-22T16:56:26] INFO Updated: B0D98VK8PP - Philips Walita Fritadeira Airfryer Série 1000 XL -...
[2026-06-22T16:56:26] INFO Downloaded image: amazon_br/B08BG687L9.jpg (1956 bytes)
[2026-06-22T16:56:26] INFO Updated: B08BG687L9 - BLACK+DECKER Mixer Multiuso Sem Fio com Haste Remo...
[2026-06-22T16:56:26] INFO Updated: B0FR5D4ZYY - Stanley Garrafa Térmica Aerolight Transit Black | ...
[2026-06-22T16:56:26] INFO Downloaded image: amazon_br/B0FTCVN2C4.jpg (6858 bytes)
[2026-06-22T16:56:26] INFO Inserted: B0FTCVN2C4 - Kit 4 Formas Premium de Gelo com Tampa Silicone Fl...
[2026-06-22T16:56:26] INFO Downloaded image: amazon_br/B09WWY48B7.jpg (8555 bytes)
[2026-06-22T16:56:26] INFO Updated: B09WWY48B7 - Britânia SANDUICHEIRA E GRILL PRESS 127V, BGR27I...
[2026-06-22T16:56:26] INFO Downloaded image: amazon_br/B0C2ZNDWK6.jpg (4659 bytes)
[2026-06-22T16:56:26] INFO Inserted: B0C2ZNDWK6 - Electrolux Kit Bowls Tigelas de Inox com Tampa Plá...
[2026-06-22T16:56:27] INFO Downloaded image: amazon_br/B0789M146B.jpg (8510 bytes)
[2026-06-22T16:56:27] INFO Inserted: B0789M146B - Faqueiro Tramontina Búzios em Aço Inox com Detalhe...
[2026-06-22T16:56:27] INFO Downloaded image: amazon_br/B0CKWDY274.jpg (8354 bytes)
[2026-06-22T16:56:27] INFO Inserted: B0CKWDY274 - Kit 12 Utensílios De Cozinha Em Silicone E Cabo De...
[2026-06-22T16:56:27] INFO Updated: B09XJL4B9H - Electrolux Kit 12 Potes Herméticos de Plástico Ret...
[2026-06-22T16:56:27] INFO Downloaded image: amazon_br/B0C7DLXV6Q.jpg (1370 bytes)
[2026-06-22T16:56:27] INFO Updated: B0C7DLXV6Q - LYOR - Mini Mixer Misturador Elétrico para Bebidas...
[2026-06-22T16:56:27] INFO Downloaded image: amazon_br/B0GFMC7BHK.jpg (5172 bytes)
[2026-06-22T16:56:27] INFO Inserted: B0GFMC7BHK - Potes Herméticos de Vidro com Tampa de Bambu - Kit...
[2026-06-22T16:56:27] INFO Downloaded image: amazon_br/B0BZJDLT6Z.jpg (6747 bytes)
[2026-06-22T16:56:27] INFO Updated: B0BZJDLT6Z - MONDIAL Fritadeira Air Fryer Forno Oven 12L, Preto...
[2026-06-22T16:56:28] INFO Downloaded image: amazon_br/B0BPYT6NL2.jpg (7252 bytes)
[2026-06-22T16:56:28] INFO Updated: B0BPYT6NL2 - LYOR - Forma Quadrada de Silicone para Air Fryer C...
[2026-06-22T16:56:28] INFO Updated: B0778Y54PT - Garrafa Térmica Firenze Mini 250ml Preto Invicta...
[2026-06-22T16:56:28] INFO Updated: B0CYVDJDC1 - Bolsa Termica Marmita Lancheira Grande Alça Ombro ...
[2026-06-22T16:56:28] INFO Downloaded image: amazon_br/B08X66RQ48.jpg (3951 bytes)
[2026-06-22T16:56:28] INFO Updated: B08X66RQ48 - Electrolux Purificador de Água Gelada Fria e Natur...
[2026-06-22T16:56:28] INFO Downloaded image: amazon_br/B09CC72K1X.jpg (5385 bytes)
[2026-06-22T16:56:28] INFO Inserted: B09CC72K1X - Electrolux Cafeteira Elétrica Inox filtro permanen...
[2026-06-22T16:56:29] INFO Downloaded image: amazon_br/B0F256PXM8.jpg (2394 bytes)
[2026-06-22T16:56:29] INFO Updated: B0F256PXM8 - Filtro/Refil Original de Água para Purificador Ele...
[2026-06-22T16:56:29] INFO 
[2026-06-22T16:56:29] INFO ============================================================
[2026-06-22T16:56:29] INFO SCRAPING COMPLETE
[2026-06-22T16:56:29] INFO ============================================================
[2026-06-22T16:56:29] INFO   amazon_br: 30 scraped, 30 inserted, 0 errors
[2026-06-22T16:56:29] INFO   TOTAL: 30 scraped, 30 inserted, 0 errors
[2026-06-22T16:56:29] INFO ============================================================
[2026-06-22T16:56:29] INFO Summary saved to /mnt/ssd/arbitlens/data/last_bestsellers_scrape.json
